This is pdfTeX, Version 3.14159265-2.6-1.40.17 (TeX Live 2016) (preloaded format=pdflatex 2016.5.22)  10 AUG 2020 11:10
entering extended mode
 restricted \write18 enabled.
 file:line:error style messages enabled.
 %&-line parsing enabled.
**prior-inference-revisions.tex
(./prior-inference-revisions.tex
LaTeX2e <2016/03/31>
Babel <3.9r> and hyphenation patterns for 83 language(s) loaded.
(/usr/local/texlive/2016/texmf-dist/tex/latex/base/article.cls
Document Class: article 2014/09/29 v1.4h Standard LaTeX document class
(/usr/local/texlive/2016/texmf-dist/tex/latex/base/size11.clo
File: size11.clo 2014/09/29 v1.4h Standard LaTeX file (size option)
)
\c@part=\count79
\c@section=\count80
\c@subsection=\count81
\c@subsubsection=\count82
\c@paragraph=\count83
\c@subparagraph=\count84
\c@figure=\count85
\c@table=\count86
\abovecaptionskip=\skip41
\belowcaptionskip=\skip42
\bibindent=\dimen102
)
(/usr/local/texlive/2016/texmf-dist/tex/latex/pgf/frontendlayer/tikz.sty
(/usr/local/texlive/2016/texmf-dist/tex/latex/pgf/basiclayer/pgf.sty
(/usr/local/texlive/2016/texmf-dist/tex/latex/pgf/utilities/pgfrcs.sty
(/usr/local/texlive/2016/texmf-dist/tex/generic/pgf/utilities/pgfutil-common.te
x
\pgfutil@everybye=\toks14
\pgfutil@tempdima=\dimen103
\pgfutil@tempdimb=\dimen104

(/usr/local/texlive/2016/texmf-dist/tex/generic/pgf/utilities/pgfutil-common-li
sts.tex))
(/usr/local/texlive/2016/texmf-dist/tex/generic/pgf/utilities/pgfutil-latex.def
\pgfutil@abb=\box26
(/usr/local/texlive/2016/texmf-dist/tex/latex/ms/everyshi.sty
Package: everyshi 2001/05/15 v3.00 EveryShipout Package (MS)
))
(/usr/local/texlive/2016/texmf-dist/tex/generic/pgf/utilities/pgfrcs.code.tex
Package: pgfrcs 2015/08/07 v3.0.1a (rcs-revision 1.31)
))
Package: pgf 2015/08/07 v3.0.1a (rcs-revision 1.15)
(/usr/local/texlive/2016/texmf-dist/tex/latex/pgf/basiclayer/pgfcore.sty
(/usr/local/texlive/2016/texmf-dist/tex/latex/graphics/graphicx.sty
Package: graphicx 2014/10/28 v1.0g Enhanced LaTeX Graphics (DPC,SPQR)

(/usr/local/texlive/2016/texmf-dist/tex/latex/graphics/keyval.sty
Package: keyval 2014/10/28 v1.15 key=value parser (DPC)
\KV@toks@=\toks15
)
(/usr/local/texlive/2016/texmf-dist/tex/latex/graphics/graphics.sty
Package: graphics 2016/05/09 v1.0r Standard LaTeX Graphics (DPC,SPQR)

(/usr/local/texlive/2016/texmf-dist/tex/latex/graphics/trig.sty
Package: trig 2016/01/03 v1.10 sin cos tan (DPC)
)
(/usr/local/texlive/2016/texmf-dist/tex/latex/graphics-cfg/graphics.cfg
File: graphics.cfg 2016/01/02 v1.10 sample graphics configuration
)
Package graphics Info: Driver file: pdftex.def on input line 96.

(/usr/local/texlive/2016/texmf-dist/tex/latex/pdftex-def/pdftex.def
File: pdftex.def 2011/05/27 v0.06d Graphics/color for pdfTeX

(/usr/local/texlive/2016/texmf-dist/tex/generic/oberdiek/infwarerr.sty
Package: infwarerr 2016/05/16 v1.4 Providing info/warning/error messages (HO)
)
(/usr/local/texlive/2016/texmf-dist/tex/generic/oberdiek/ltxcmds.sty
Package: ltxcmds 2016/05/16 v1.23 LaTeX kernel commands for general use (HO)
)
\Gread@gobject=\count87
))
\Gin@req@height=\dimen105
\Gin@req@width=\dimen106
)
(/usr/local/texlive/2016/texmf-dist/tex/latex/pgf/systemlayer/pgfsys.sty
(/usr/local/texlive/2016/texmf-dist/tex/generic/pgf/systemlayer/pgfsys.code.tex
Package: pgfsys 2014/07/09 v3.0.1a (rcs-revision 1.48)
(/usr/local/texlive/2016/texmf-dist/tex/generic/pgf/utilities/pgfkeys.code.tex
\pgfkeys@pathtoks=\toks16
\pgfkeys@temptoks=\toks17

(/usr/local/texlive/2016/texmf-dist/tex/generic/pgf/utilities/pgfkeysfiltered.c
ode.tex
\pgfkeys@tmptoks=\toks18
))
\pgf@x=\dimen107
\pgf@y=\dimen108
\pgf@xa=\dimen109
\pgf@ya=\dimen110
\pgf@xb=\dimen111
\pgf@yb=\dimen112
\pgf@xc=\dimen113
\pgf@yc=\dimen114
\w@pgf@writea=\write3
\r@pgf@reada=\read1
\c@pgf@counta=\count88
\c@pgf@countb=\count89
\c@pgf@countc=\count90
\c@pgf@countd=\count91
\t@pgf@toka=\toks19
\t@pgf@tokb=\toks20
\t@pgf@tokc=\toks21

(/usr/local/texlive/2016/texmf-dist/tex/generic/pgf/systemlayer/pgf.cfg
File: pgf.cfg 2008/05/14  (rcs-revision 1.7)
)
Driver file for pgf: pgfsys-pdftex.def

(/usr/local/texlive/2016/texmf-dist/tex/generic/pgf/systemlayer/pgfsys-pdftex.d
ef
File: pgfsys-pdftex.def 2014/10/11  (rcs-revision 1.35)

(/usr/local/texlive/2016/texmf-dist/tex/generic/pgf/systemlayer/pgfsys-common-p
df.def
File: pgfsys-common-pdf.def 2013/10/10  (rcs-revision 1.13)
)))
(/usr/local/texlive/2016/texmf-dist/tex/generic/pgf/systemlayer/pgfsyssoftpath.
code.tex
File: pgfsyssoftpath.code.tex 2013/09/09  (rcs-revision 1.9)
\pgfsyssoftpath@smallbuffer@items=\count92
\pgfsyssoftpath@bigbuffer@items=\count93
)
(/usr/local/texlive/2016/texmf-dist/tex/generic/pgf/systemlayer/pgfsysprotocol.
code.tex
File: pgfsysprotocol.code.tex 2006/10/16  (rcs-revision 1.4)
)) (/Users/greg/Library/texmf/tex/latex/xcolor.sty
Package: xcolor 2007/01/21 v2.11 LaTeX color extensions (UK)

(/usr/local/texlive/2016/texmf-dist/tex/latex/graphics-cfg/color.cfg
File: color.cfg 2016/01/02 v1.6 sample color configuration
)
Package xcolor Info: Driver file: pdftex.def on input line 225.
Package xcolor Info: Model `cmy' substituted by `cmy0' on input line 1337.
Package xcolor Info: Model `hsb' substituted by `rgb' on input line 1341.
Package xcolor Info: Model `RGB' extended on input line 1353.
Package xcolor Info: Model `HTML' substituted by `rgb' on input line 1355.
Package xcolor Info: Model `Hsb' substituted by `hsb' on input line 1356.
Package xcolor Info: Model `tHsb' substituted by `hsb' on input line 1357.
Package xcolor Info: Model `HSB' substituted by `hsb' on input line 1358.
Package xcolor Info: Model `Gray' substituted by `gray' on input line 1359.
Package xcolor Info: Model `wave' substituted by `hsb' on input line 1360.
)
(/usr/local/texlive/2016/texmf-dist/tex/generic/pgf/basiclayer/pgfcore.code.tex
Package: pgfcore 2010/04/11 v3.0.1a (rcs-revision 1.7)
(/usr/local/texlive/2016/texmf-dist/tex/generic/pgf/math/pgfmath.code.tex
(/usr/local/texlive/2016/texmf-dist/tex/generic/pgf/math/pgfmathcalc.code.tex
(/usr/local/texlive/2016/texmf-dist/tex/generic/pgf/math/pgfmathutil.code.tex)
(/usr/local/texlive/2016/texmf-dist/tex/generic/pgf/math/pgfmathparser.code.tex
\pgfmath@dimen=\dimen115
\pgfmath@count=\count94
\pgfmath@box=\box27
\pgfmath@toks=\toks22
\pgfmath@stack@operand=\toks23
\pgfmath@stack@operation=\toks24
)
(/usr/local/texlive/2016/texmf-dist/tex/generic/pgf/math/pgfmathfunctions.code.
tex
(/usr/local/texlive/2016/texmf-dist/tex/generic/pgf/math/pgfmathfunctions.basic
.code.tex)
(/usr/local/texlive/2016/texmf-dist/tex/generic/pgf/math/pgfmathfunctions.trigo
nometric.code.tex)
(/usr/local/texlive/2016/texmf-dist/tex/generic/pgf/math/pgfmathfunctions.rando
m.code.tex)
(/usr/local/texlive/2016/texmf-dist/tex/generic/pgf/math/pgfmathfunctions.compa
rison.code.tex)
(/usr/local/texlive/2016/texmf-dist/tex/generic/pgf/math/pgfmathfunctions.base.
code.tex)
(/usr/local/texlive/2016/texmf-dist/tex/generic/pgf/math/pgfmathfunctions.round
.code.tex)
(/usr/local/texlive/2016/texmf-dist/tex/generic/pgf/math/pgfmathfunctions.misc.
code.tex)
(/usr/local/texlive/2016/texmf-dist/tex/generic/pgf/math/pgfmathfunctions.integ
erarithmetics.code.tex)))
(/usr/local/texlive/2016/texmf-dist/tex/generic/pgf/math/pgfmathfloat.code.tex
\c@pgfmathroundto@lastzeros=\count95
))
(/usr/local/texlive/2016/texmf-dist/tex/generic/pgf/basiclayer/pgfcorepoints.co
de.tex
File: pgfcorepoints.code.tex 2013/10/07  (rcs-revision 1.27)
\pgf@picminx=\dimen116
\pgf@picmaxx=\dimen117
\pgf@picminy=\dimen118
\pgf@picmaxy=\dimen119
\pgf@pathminx=\dimen120
\pgf@pathmaxx=\dimen121
\pgf@pathminy=\dimen122
\pgf@pathmaxy=\dimen123
\pgf@xx=\dimen124
\pgf@xy=\dimen125
\pgf@yx=\dimen126
\pgf@yy=\dimen127
\pgf@zx=\dimen128
\pgf@zy=\dimen129
)
(/usr/local/texlive/2016/texmf-dist/tex/generic/pgf/basiclayer/pgfcorepathconst
ruct.code.tex
File: pgfcorepathconstruct.code.tex 2013/10/07  (rcs-revision 1.29)
\pgf@path@lastx=\dimen130
\pgf@path@lasty=\dimen131
)
(/usr/local/texlive/2016/texmf-dist/tex/generic/pgf/basiclayer/pgfcorepathusage
.code.tex
File: pgfcorepathusage.code.tex 2014/11/02  (rcs-revision 1.24)
\pgf@shorten@end@additional=\dimen132
\pgf@shorten@start@additional=\dimen133
)
(/usr/local/texlive/2016/texmf-dist/tex/generic/pgf/basiclayer/pgfcorescopes.co
de.tex
File: pgfcorescopes.code.tex 2015/05/08  (rcs-revision 1.46)
\pgfpic=\box28
\pgf@hbox=\box29
\pgf@layerbox@main=\box30
\pgf@picture@serial@count=\count96
)
(/usr/local/texlive/2016/texmf-dist/tex/generic/pgf/basiclayer/pgfcoregraphicst
ate.code.tex
File: pgfcoregraphicstate.code.tex 2014/11/02  (rcs-revision 1.12)
\pgflinewidth=\dimen134
)
(/usr/local/texlive/2016/texmf-dist/tex/generic/pgf/basiclayer/pgfcoretransform
ations.code.tex
File: pgfcoretransformations.code.tex 2015/08/07  (rcs-revision 1.20)
\pgf@pt@x=\dimen135
\pgf@pt@y=\dimen136
\pgf@pt@temp=\dimen137
)
(/usr/local/texlive/2016/texmf-dist/tex/generic/pgf/basiclayer/pgfcorequick.cod
e.tex
File: pgfcorequick.code.tex 2008/10/09  (rcs-revision 1.3)
)
(/usr/local/texlive/2016/texmf-dist/tex/generic/pgf/basiclayer/pgfcoreobjects.c
ode.tex
File: pgfcoreobjects.code.tex 2006/10/11  (rcs-revision 1.2)
)
(/usr/local/texlive/2016/texmf-dist/tex/generic/pgf/basiclayer/pgfcorepathproce
ssing.code.tex
File: pgfcorepathprocessing.code.tex 2013/09/09  (rcs-revision 1.9)
)
(/usr/local/texlive/2016/texmf-dist/tex/generic/pgf/basiclayer/pgfcorearrows.co
de.tex
File: pgfcorearrows.code.tex 2015/05/14  (rcs-revision 1.43)
\pgfarrowsep=\dimen138
)
(/usr/local/texlive/2016/texmf-dist/tex/generic/pgf/basiclayer/pgfcoreshade.cod
e.tex
File: pgfcoreshade.code.tex 2013/07/15  (rcs-revision 1.15)
\pgf@max=\dimen139
\pgf@sys@shading@range@num=\count97
)
(/usr/local/texlive/2016/texmf-dist/tex/generic/pgf/basiclayer/pgfcoreimage.cod
e.tex
File: pgfcoreimage.code.tex 2013/07/15  (rcs-revision 1.18)

(/usr/local/texlive/2016/texmf-dist/tex/generic/pgf/basiclayer/pgfcoreexternal.
code.tex
File: pgfcoreexternal.code.tex 2014/07/09  (rcs-revision 1.21)
\pgfexternal@startupbox=\box31
))
(/usr/local/texlive/2016/texmf-dist/tex/generic/pgf/basiclayer/pgfcorelayers.co
de.tex
File: pgfcorelayers.code.tex 2013/07/18  (rcs-revision 1.7)
)
(/usr/local/texlive/2016/texmf-dist/tex/generic/pgf/basiclayer/pgfcoretranspare
ncy.code.tex
File: pgfcoretransparency.code.tex 2013/09/30  (rcs-revision 1.5)
)
(/usr/local/texlive/2016/texmf-dist/tex/generic/pgf/basiclayer/pgfcorepatterns.
code.tex
File: pgfcorepatterns.code.tex 2013/11/07  (rcs-revision 1.5)
)))
(/usr/local/texlive/2016/texmf-dist/tex/generic/pgf/modules/pgfmoduleshapes.cod
e.tex
File: pgfmoduleshapes.code.tex 2014/03/21  (rcs-revision 1.35)
\pgfnodeparttextbox=\box32
)
(/usr/local/texlive/2016/texmf-dist/tex/generic/pgf/modules/pgfmoduleplot.code.
tex
File: pgfmoduleplot.code.tex 2015/08/03  (rcs-revision 1.13)
)
(/usr/local/texlive/2016/texmf-dist/tex/latex/pgf/compatibility/pgfcomp-version
-0-65.sty
Package: pgfcomp-version-0-65 2007/07/03 v3.0.1a (rcs-revision 1.7)
\pgf@nodesepstart=\dimen140
\pgf@nodesepend=\dimen141
)
(/usr/local/texlive/2016/texmf-dist/tex/latex/pgf/compatibility/pgfcomp-version
-1-18.sty
Package: pgfcomp-version-1-18 2007/07/23 v3.0.1a (rcs-revision 1.1)
))
(/usr/local/texlive/2016/texmf-dist/tex/latex/pgf/utilities/pgffor.sty
(/usr/local/texlive/2016/texmf-dist/tex/latex/pgf/utilities/pgfkeys.sty
(/usr/local/texlive/2016/texmf-dist/tex/generic/pgf/utilities/pgfkeys.code.tex)
) (/usr/local/texlive/2016/texmf-dist/tex/latex/pgf/math/pgfmath.sty
(/usr/local/texlive/2016/texmf-dist/tex/generic/pgf/math/pgfmath.code.tex))
(/usr/local/texlive/2016/texmf-dist/tex/generic/pgf/utilities/pgffor.code.tex
Package: pgffor 2013/12/13 v3.0.1a (rcs-revision 1.25)

(/usr/local/texlive/2016/texmf-dist/tex/generic/pgf/math/pgfmath.code.tex)
\pgffor@iter=\dimen142
\pgffor@skip=\dimen143
\pgffor@stack=\toks25
\pgffor@toks=\toks26
))
(/usr/local/texlive/2016/texmf-dist/tex/generic/pgf/frontendlayer/tikz/tikz.cod
e.tex
Package: tikz 2015/08/07 v3.0.1a (rcs-revision 1.151)

(/usr/local/texlive/2016/texmf-dist/tex/generic/pgf/libraries/pgflibraryplothan
dlers.code.tex
File: pgflibraryplothandlers.code.tex 2013/08/31 v3.0.1a (rcs-revision 1.20)
\pgf@plot@mark@count=\count98
\pgfplotmarksize=\dimen144
)
\tikz@lastx=\dimen145
\tikz@lasty=\dimen146
\tikz@lastxsaved=\dimen147
\tikz@lastysaved=\dimen148
\tikzleveldistance=\dimen149
\tikzsiblingdistance=\dimen150
\tikz@figbox=\box33
\tikz@figbox@bg=\box34
\tikz@tempbox=\box35
\tikz@tempbox@bg=\box36
\tikztreelevel=\count99
\tikznumberofchildren=\count100
\tikznumberofcurrentchild=\count101
\tikz@fig@count=\count102

(/usr/local/texlive/2016/texmf-dist/tex/generic/pgf/modules/pgfmodulematrix.cod
e.tex
File: pgfmodulematrix.code.tex 2013/09/17  (rcs-revision 1.8)
\pgfmatrixcurrentrow=\count103
\pgfmatrixcurrentcolumn=\count104
\pgf@matrix@numberofcolumns=\count105
)
\tikz@expandcount=\count106

(/usr/local/texlive/2016/texmf-dist/tex/generic/pgf/frontendlayer/tikz/librarie
s/tikzlibrarytopaths.code.tex
File: tikzlibrarytopaths.code.tex 2008/06/17 v3.0.1a (rcs-revision 1.2)
)))
(/usr/local/texlive/2016/texmf-dist/tex/latex/amsmath/amsmath.sty
Package: amsmath 2016/03/10 v2.15b AMS math features
\@mathmargin=\skip43

For additional information on amsmath, use the `?' option.
(/usr/local/texlive/2016/texmf-dist/tex/latex/amsmath/amstext.sty
Package: amstext 2000/06/29 v2.01 AMS text

(/usr/local/texlive/2016/texmf-dist/tex/latex/amsmath/amsgen.sty
File: amsgen.sty 1999/11/30 v2.0 generic functions
\@emptytoks=\toks27
\ex@=\dimen151
))
(/usr/local/texlive/2016/texmf-dist/tex/latex/amsmath/amsbsy.sty
Package: amsbsy 1999/11/29 v1.2d Bold Symbols
\pmbraise@=\dimen152
)
(/usr/local/texlive/2016/texmf-dist/tex/latex/amsmath/amsopn.sty
Package: amsopn 2016/03/08 v2.02 operator names
)
\inf@bad=\count107
LaTeX Info: Redefining \frac on input line 199.
\uproot@=\count108
\leftroot@=\count109
LaTeX Info: Redefining \overline on input line 297.
\classnum@=\count110
\DOTSCASE@=\count111
LaTeX Info: Redefining \ldots on input line 394.
LaTeX Info: Redefining \dots on input line 397.
LaTeX Info: Redefining \cdots on input line 518.
\Mathstrutbox@=\box37
\strutbox@=\box38
\big@size=\dimen153
LaTeX Font Info:    Redeclaring font encoding OML on input line 634.
LaTeX Font Info:    Redeclaring font encoding OMS on input line 635.
\macc@depth=\count112
\c@MaxMatrixCols=\count113
\dotsspace@=\muskip10
\c@parentequation=\count114
\dspbrk@lvl=\count115
\tag@help=\toks28
\row@=\count116
\column@=\count117
\maxfields@=\count118
\andhelp@=\toks29
\eqnshift@=\dimen154
\alignsep@=\dimen155
\tagshift@=\dimen156
\tagwidth@=\dimen157
\totwidth@=\dimen158
\lineht@=\dimen159
\@envbody=\toks30
\multlinegap=\skip44
\multlinetaggap=\skip45
\mathdisplay@stack=\toks31
LaTeX Info: Redefining \[ on input line 2739.
LaTeX Info: Redefining \] on input line 2740.
)
(/usr/local/texlive/2016/texmf-dist/tex/latex/url/url.sty
\Urlmuskip=\muskip11
Package: url 2013/09/16  ver 3.4  Verb mode for urls, etc.
)
(/usr/local/texlive/2016/texmf-dist/tex/latex/tools/multicol.sty
Package: multicol 2016/04/07 v1.8p multicolumn formatting (FMi)
\c@tracingmulticols=\count119
\mult@box=\box39
\multicol@leftmargin=\dimen160
\c@unbalance=\count120
\c@collectmore=\count121
\doublecol@number=\count122
\multicoltolerance=\count123
\multicolpretolerance=\count124
\full@width=\dimen161
\page@free=\dimen162
\premulticols=\dimen163
\postmulticols=\dimen164
\multicolsep=\skip46
\multicolbaselineskip=\skip47
\partial@page=\box40
\last@line=\box41
\maxbalancingoverflow=\dimen165
\mult@rightbox=\box42
\mult@grightbox=\box43
\mult@gfirstbox=\box44
\mult@firstbox=\box45
\@tempa=\box46
\@tempa=\box47
\@tempa=\box48
\@tempa=\box49
\@tempa=\box50
\@tempa=\box51
\@tempa=\box52
\@tempa=\box53
\@tempa=\box54
\@tempa=\box55
\@tempa=\box56
\@tempa=\box57
\@tempa=\box58
\@tempa=\box59
\@tempa=\box60
\@tempa=\box61
\@tempa=\box62
\c@columnbadness=\count125
\c@finalcolumnbadness=\count126
\last@try=\dimen166
\multicolovershoot=\dimen167
\multicolundershoot=\dimen168
\mult@nat@firstbox=\box63
\colbreak@box=\box64
\mc@col@check@num=\count127
)
(/usr/local/texlive/2016/texmf-dist/tex/latex/varwidth/varwidth.sty
Package: varwidth 2009/03/30 ver 0.92;  Variable-width minipages
\@vwid@box=\box65
\sift@deathcycles=\count128
\@vwid@loff=\dimen169
\@vwid@roff=\dimen170
)
(/usr/local/texlive/2016/texmf-dist/tex/latex/blindtext/blindtext.sty
Package: blindtext 2012/01/06 V2.0 blindtext-Package

(/usr/local/texlive/2016/texmf-dist/tex/latex/tools/xspace.sty
Package: xspace 2014/10/28 v1.13 Space after command names (DPC,MH)
)
\c@blindtext=\count129
\c@Blindtext=\count130
\c@blind@countparstart=\count131
\blind@countxx=\count132
\blindtext@numBlindtext=\count133
\blind@countyy=\count134
\c@blindlist=\count135
\c@blindlistlevel=\count136
\c@blindlist@level=\count137
\blind@listitem=\count138
\c@blind@listcount=\count139
\c@blind@levelcount=\count140
\blind@mathformula=\count141
\blind@Mathformula=\count142
\c@blind@randomcount=\count143
\c@blind@randommax=\count144
\c@blind@pangramcount=\count145
\c@blind@pangrammax=\count146
)
(/usr/local/texlive/2016/texmf-dist/tex/latex/lineno/lineno.sty
Package: lineno 2005/11/02 line numbers on paragraphs v4.41
\linenopenalty=\count147
\output=\toks32
\linenoprevgraf=\count148
\linenumbersep=\dimen171
\linenumberwidth=\dimen172
\c@linenumber=\count149
\c@pagewiselinenumber=\count150
\c@LN@truepage=\count151


Package lineno Warning: Option [displaymath] is obsolete -- default now!.

\c@internallinenumber=\count152
\c@internallinenumbers=\count153
\quotelinenumbersep=\dimen173
\bframerule=\dimen174
\bframesep=\dimen175
\bframebox=\box66
LaTeX Info: Redefining \\ on input line 3056.
) (/usr/local/texlive/2016/texmf-dist/tex/latex/hyperref/hyperref.sty
Package: hyperref 2016/05/05 v6.83n Hypertext links for LaTeX

(/usr/local/texlive/2016/texmf-dist/tex/generic/oberdiek/hobsub-hyperref.sty
Package: hobsub-hyperref 2016/05/16 v1.14 Bundle oberdiek, subset hyperref (HO)


(/usr/local/texlive/2016/texmf-dist/tex/generic/oberdiek/hobsub-generic.sty
Package: hobsub-generic 2016/05/16 v1.14 Bundle oberdiek, subset generic (HO)
Package: hobsub 2016/05/16 v1.14 Construct package bundles (HO)
Package hobsub Info: Skipping package `infwarerr' (already loaded).
Package hobsub Info: Skipping package `ltxcmds' (already loaded).
Package: ifluatex 2016/05/16 v1.4 Provides the ifluatex switch (HO)
Package ifluatex Info: LuaTeX not detected.
Package: ifvtex 2016/05/16 v1.6 Detect VTeX and its facilities (HO)
Package ifvtex Info: VTeX not detected.
Package: intcalc 2016/05/16 v1.2 Expandable calculations with integers (HO)
Package: ifpdf 2016/05/14 v3.1 Provides the ifpdf switch
Package: etexcmds 2016/05/16 v1.6 Avoid name clashes with e-TeX commands (HO)
Package etexcmds Info: Could not find \expanded.
(etexcmds)             That can mean that you are not using pdfTeX 1.50 or
(etexcmds)             that some package has redefined \expanded.
(etexcmds)             In the latter case, load this package earlier.
Package: kvsetkeys 2016/05/16 v1.17 Key value parser (HO)
Package: kvdefinekeys 2016/05/16 v1.4 Define keys (HO)
Package: pdftexcmds 2016/05/10 v0.21 Utility functions of pdfTeX for LuaTeX (HO
)
Package pdftexcmds Info: LuaTeX not detected.
Package pdftexcmds Info: \pdf@primitive is available.
Package pdftexcmds Info: \pdf@ifprimitive is available.
Package pdftexcmds Info: \pdfdraftmode found.
Package: pdfescape 2016/05/16 v1.14 Implements pdfTeX's escape features (HO)
Package: bigintcalc 2016/05/16 v1.4 Expandable calculations on big integers (HO
)
Package: bitset 2016/05/16 v1.2 Handle bit-vector datatype (HO)
Package: uniquecounter 2016/05/16 v1.3 Provide unlimited unique counter (HO)
)
Package hobsub Info: Skipping package `hobsub' (already loaded).
Package: letltxmacro 2016/05/16 v1.5 Let assignment for LaTeX macros (HO)
Package: hopatch 2016/05/16 v1.3 Wrapper for package hooks (HO)
Package: xcolor-patch 2016/05/16 xcolor patch
Package: atveryend 2016/05/16 v1.9 Hooks at the very end of document (HO)
Package atveryend Info: \enddocument detected (standard20110627).
Package: atbegshi 2016/05/16 v1.17 At begin shipout hook (HO)
Package: refcount 2016/05/16 v3.5 Data extraction from label references (HO)
Package: hycolor 2016/05/16 v1.8 Color options for hyperref/bookmark (HO)
)
(/usr/local/texlive/2016/texmf-dist/tex/generic/ifxetex/ifxetex.sty
Package: ifxetex 2010/09/12 v0.6 Provides ifxetex conditional
)
(/usr/local/texlive/2016/texmf-dist/tex/latex/oberdiek/auxhook.sty
Package: auxhook 2016/05/16 v1.4 Hooks for auxiliary files (HO)
)
(/usr/local/texlive/2016/texmf-dist/tex/latex/oberdiek/kvoptions.sty
Package: kvoptions 2016/05/16 v3.12 Key value format for package options (HO)
)
\@linkdim=\dimen176
\Hy@linkcounter=\count154
\Hy@pagecounter=\count155

(/usr/local/texlive/2016/texmf-dist/tex/latex/hyperref/pd1enc.def
File: pd1enc.def 2016/05/05 v6.83n Hyperref: PDFDocEncoding definition (HO)
)
\Hy@SavedSpaceFactor=\count156

(/usr/local/texlive/2016/texmf-dist/tex/latex/latexconfig/hyperref.cfg
File: hyperref.cfg 2002/06/06 v1.2 hyperref configuration of TeXLive
)
Package hyperref Info: Hyper figures OFF on input line 4446.
Package hyperref Info: Link nesting OFF on input line 4451.
Package hyperref Info: Hyper index ON on input line 4454.
Package hyperref Info: Plain pages OFF on input line 4461.
Package hyperref Info: Backreferencing OFF on input line 4466.
Package hyperref Info: Implicit mode ON; LaTeX internals redefined.
Package hyperref Info: Bookmarks ON on input line 4691.
\c@Hy@tempcnt=\count157
LaTeX Info: Redefining \url on input line 5044.
\XeTeXLinkMargin=\dimen177
\Fld@menulength=\count158
\Field@Width=\dimen178
\Fld@charsize=\dimen179
Package hyperref Info: Hyper figures OFF on input line 6298.
Package hyperref Info: Link nesting OFF on input line 6303.
Package hyperref Info: Hyper index ON on input line 6306.
Package hyperref Info: backreferencing OFF on input line 6313.
Package hyperref Info: Link coloring OFF on input line 6318.
Package hyperref Info: Link coloring with OCG OFF on input line 6323.
Package hyperref Info: PDF/A mode OFF on input line 6328.
LaTeX Info: Redefining \ref on input line 6368.
LaTeX Info: Redefining \pageref on input line 6372.
\Hy@abspage=\count159
\c@Item=\count160
\c@Hfootnote=\count161
)

Package hyperref Message: Driver (autodetected): hpdftex.

(/usr/local/texlive/2016/texmf-dist/tex/latex/hyperref/hpdftex.def
File: hpdftex.def 2016/05/05 v6.83n Hyperref driver for pdfTeX
\Fld@listcount=\count162
\c@bookmark@seq@number=\count163

(/usr/local/texlive/2016/texmf-dist/tex/latex/oberdiek/rerunfilecheck.sty
Package: rerunfilecheck 2016/05/16 v1.8 Rerun checks for auxiliary files (HO)
Package uniquecounter Info: New unique counter `rerunfilecheck' on input line 2
82.
)
\Hy@SectionHShift=\skip48
)
(/Users/greg/Library/texmf/tex/latex/linguex.sty
Package: linguex 2013/05/28 Example formatting for linguistics v. 4.3

(/Users/greg/Library/texmf/tex/latex/cgloss4e.sty
\lineone=\box67
\linetwo=\box68
\linethree=\box69
\wordone=\box70
\wordtwo=\box71
\wordthree=\box72
\gline=\box73
\glossglue=\skip49
)
\c@ExNo=\count164
\c@SubExNo=\count165
\c@SubSubExNo=\count166
\c@FnExNo=\count167
\c@ABC=\count168
\currentlabel=\skip50
\lessthanten=\skip51
\lessthanhundred=\skip52
\lessthanthousand=\skip53
\@Exleftmargin=\skip54
\Exlabelwidth=\skip55
\Extopsep=\skip56
\Exindent=\skip57
\SubExleftmargin=\skip58
\SubSubExleftmargin=\skip59
\Exlabelsep=\skip60
\alignSubExnegindent=\skip61
\Exredux=\skip62
\digitwidth=\skip63
\mindigitwidth=\skip64
\c@ExDepth=\count169
\c@TempExDepth=\count170
\CollectTokens=\toks33
LaTeX Info: Redefining \b on input line 307.
LaTeX Info: Redefining \c on input line 311.
LaTeX Info: Redefining \d on input line 313.
\c@tmpaEx=\count171
)
(/usr/local/texlive/2016/texmf-dist/tex/latex/pslatex/pslatex.sty
Package: pslatex 1996/07/24 v1.2 pslatex emulation (DPC)
LaTeX Font Info:    Redeclaring symbol font `operators' on input line 65.
LaTeX Font Info:    Overwriting symbol font `operators' in version `normal'
(Font)                  OT1/cmr/m/n --> OT1/ptmcm/m/n on input line 65.
LaTeX Font Info:    Overwriting symbol font `operators' in version `bold'
(Font)                  OT1/cmr/bx/n --> OT1/ptmcm/m/n on input line 65.
LaTeX Font Info:    Redeclaring symbol font `letters' on input line 66.
LaTeX Font Info:    Overwriting symbol font `letters' in version `normal'
(Font)                  OML/cmm/m/it --> OML/ptmcm/m/it on input line 66.
LaTeX Font Info:    Overwriting symbol font `letters' in version `bold'
(Font)                  OML/cmm/b/it --> OML/ptmcm/m/it on input line 66.
LaTeX Font Info:    Redeclaring symbol font `symbols' on input line 67.
LaTeX Font Info:    Overwriting symbol font `symbols' in version `normal'
(Font)                  OMS/cmsy/m/n --> OMS/pzccm/m/n on input line 67.
LaTeX Font Info:    Overwriting symbol font `symbols' in version `bold'
(Font)                  OMS/cmsy/b/n --> OMS/pzccm/m/n on input line 67.
LaTeX Font Info:    Redeclaring symbol font `largesymbols' on input line 68.
LaTeX Font Info:    Overwriting symbol font `largesymbols' in version `normal'
(Font)                  OMX/cmex/m/n --> OMX/psycm/m/n on input line 68.
LaTeX Font Info:    Overwriting symbol font `largesymbols' in version `bold'
(Font)                  OMX/cmex/m/n --> OMX/psycm/m/n on input line 68.
\symbold=\mathgroup4
\symitalic=\mathgroup5
LaTeX Font Info:    Redeclaring math alphabet \mathbf on input line 74.
LaTeX Font Info:    Overwriting math alphabet `\mathbf' in version `normal'
(Font)                  OT1/cmr/bx/n --> OT1/ptm/bx/n on input line 74.
LaTeX Font Info:    Overwriting math alphabet `\mathbf' in version `bold'
(Font)                  OT1/cmr/bx/n --> OT1/ptm/bx/n on input line 74.
LaTeX Font Info:    Redeclaring math alphabet \mathit on input line 75.
LaTeX Font Info:    Overwriting math alphabet `\mathit' in version `normal'
(Font)                  OT1/cmr/m/it --> OT1/ptm/m/it on input line 75.
LaTeX Font Info:    Overwriting math alphabet `\mathit' in version `bold'
(Font)                  OT1/cmr/bx/it --> OT1/ptm/m/it on input line 75.
)
(/usr/local/texlive/2016/texmf-dist/tex/latex/apacite/apacite.sty
Package: apacite 2013/07/21 v6.03 APA citation
\c@BibCnt=\count172
\bibleftmargin=\skip65
\bibindent=\skip66
\bibparsep=\skip67
\bibitemsep=\skip68
\biblabelsep=\skip69
)
(/usr/local/texlive/2016/texmf-dist/tex/latex/placeins/placeins.sty
Package: placeins 2005/04/18  v 2.2
)
(/usr/local/texlive/2016/texmf-dist/tex/latex/caption/subcaption.sty
Package: subcaption 2016/02/20 v1.1-142 Sub-captions (AR)

(/usr/local/texlive/2016/texmf-dist/tex/latex/caption/caption.sty
Package: caption 2016/02/21 v3.3-144 Customizing captions (AR)

(/usr/local/texlive/2016/texmf-dist/tex/latex/caption/caption3.sty
Package: caption3 2016/02/04 v1.7-139 caption3 kernel (AR)
Package caption3 Info: TeX engine: e-TeX on input line 67.
\captionmargin=\dimen180
\captionmargin@=\dimen181
\captionwidth=\dimen182
\caption@tempdima=\dimen183
\caption@indent=\dimen184
\caption@parindent=\dimen185
\caption@hangindent=\dimen186
)
\c@ContinuedFloat=\count173
Package caption Info: hyperref package is loaded.
)
\c@subfigure=\count174
\c@subtable=\count175
)
(./prior-inference-revisions.aux)
\openout1 = `prior-inference-revisions.aux'.

LaTeX Font Info:    Checking defaults for OML/cmm/m/it on input line 55.
LaTeX Font Info:    ... okay on input line 55.
LaTeX Font Info:    Checking defaults for T1/cmr/m/n on input line 55.
LaTeX Font Info:    ... okay on input line 55.
LaTeX Font Info:    Checking defaults for OT1/cmr/m/n on input line 55.
LaTeX Font Info:    ... okay on input line 55.
LaTeX Font Info:    Checking defaults for OMS/pzccm/m/n on input line 55.
LaTeX Font Info:    Try loading font information for OMS+pzccm on input line 55
.

(/usr/local/texlive/2016/texmf-dist/tex/latex/psnfss/omspzccm.fd
File: omspzccm.fd 2000/01/03 Fontinst v1.801 font definitions for OMS/pzccm.
)
LaTeX Font Info:    ... okay on input line 55.
LaTeX Font Info:    Checking defaults for OMX/cmex/m/n on input line 55.
LaTeX Font Info:    ... okay on input line 55.
LaTeX Font Info:    Checking defaults for U/cmr/m/n on input line 55.
LaTeX Font Info:    ... okay on input line 55.
LaTeX Font Info:    Checking defaults for PD1/pdf/m/n on input line 55.
LaTeX Font Info:    ... okay on input line 55.

ABD: EveryShipout initializing macros
(/usr/local/texlive/2016/texmf-dist/tex/context/base/mkii/supp-pdf.mkii
[Loading MPS to PDF converter (version 2006.09.02).]
\scratchcounter=\count176
\scratchdimen=\dimen187
\scratchbox=\box74
\nofMPsegments=\count177
\nofMParguments=\count178
\everyMPshowfont=\toks34
\MPscratchCnt=\count179
\MPscratchDim=\dimen188
\MPnumerator=\count180
\makeMPintoPDFobject=\count181
\everyMPtoPDFconversion=\toks35
) (/usr/local/texlive/2016/texmf-dist/tex/latex/oberdiek/epstopdf-base.sty
Package: epstopdf-base 2016/05/15 v2.6 Base part for package epstopdf

(/usr/local/texlive/2016/texmf-dist/tex/latex/oberdiek/grfext.sty
Package: grfext 2016/05/16 v1.2 Manage graphics extensions (HO)
)
Package grfext Info: Graphics extension search list:
(grfext)             [.png,.pdf,.jpg,.mps,.jpeg,.jbig2,.jb2,.PNG,.PDF,.JPG,.JPE
G,.JBIG2,.JB2,.eps]
(grfext)             \AppendGraphicsExtensions on input line 456.

(/usr/local/texlive/2016/texmf-dist/tex/latex/latexconfig/epstopdf-sys.cfg
File: epstopdf-sys.cfg 2010/07/13 v1.3 Configuration of (r)epstopdf for TeX Liv
e
))
\AtBeginShipoutBox=\box75
Package hyperref Info: Link coloring OFF on input line 55.

(/usr/local/texlive/2016/texmf-dist/tex/latex/hyperref/nameref.sty
Package: nameref 2012/10/27 v2.43 Cross-referencing by name of section

(/usr/local/texlive/2016/texmf-dist/tex/generic/oberdiek/gettitlestring.sty
Package: gettitlestring 2016/05/16 v1.5 Cleanup title references (HO)
)
\c@section@level=\count182
)
LaTeX Info: Redefining \ref on input line 55.
LaTeX Info: Redefining \pageref on input line 55.
LaTeX Info: Redefining \nameref on input line 55.

(./prior-inference-revisions.out) (./prior-inference-revisions.out)
\@outlinefile=\write4
\openout4 = `prior-inference-revisions.out'.

\c@maskedRefs=\count183

(/usr/local/texlive/2016/texmf-dist/tex/latex/apacite/english.apc
File: english.apc 2013/07/21 v6.03 apacite language file
LaTeX Info: Redefining \BPBI on input line 129.
LaTeX Info: Redefining \BHBI on input line 130.
)
Package caption Info: Begin \AtBeginDocument code.
Package caption Info: End \AtBeginDocument code.
LaTeX Font Info:    Try loading font information for OT1+ptmcm on input line 57
.

(/usr/local/texlive/2016/texmf-dist/tex/latex/psnfss/ot1ptmcm.fd
File: ot1ptmcm.fd 2000/01/03 Fontinst v1.801 font definitions for OT1/ptmcm.
)
LaTeX Font Info:    Try loading font information for OML+ptmcm on input line 57
.

(/usr/local/texlive/2016/texmf-dist/tex/latex/psnfss/omlptmcm.fd
File: omlptmcm.fd 2000/01/03 Fontinst v1.801 font definitions for OML/ptmcm.
)
LaTeX Font Info:    Try loading font information for OMX+psycm on input line 57
.

(/usr/local/texlive/2016/texmf-dist/tex/latex/psnfss/omxpsycm.fd
File: omxpsycm.fd 2000/01/03 Fontinst v1.801 font definitions for OMX/psycm.
)
LaTeX Font Info:    Font shape `OT1/ptm/bx/n' in size <12> not available
(Font)              Font shape `OT1/ptm/b/n' tried instead on input line 57.
LaTeX Font Info:    Font shape `OT1/ptm/bx/n' in size <9> not available
(Font)              Font shape `OT1/ptm/b/n' tried instead on input line 57.
LaTeX Font Info:    Font shape `OT1/ptm/bx/n' in size <7> not available
(Font)              Font shape `OT1/ptm/b/n' tried instead on input line 57.
LaTeX Font Info:    Font shape `OT1/ptm/bx/n' in size <10> not available
(Font)              Font shape `OT1/ptm/b/n' tried instead on input line 58.
LaTeX Font Info:    Font shape `OT1/ptm/bx/n' in size <14.4> not available
(Font)              Font shape `OT1/ptm/b/n' tried instead on input line 73.
 [1

{/usr/local/texlive/2016/texmf-var/fonts/map/pdftex/updmap/pdftex.map}]
Overfull \hbox (22.99977pt too wide) in paragraph at lines 99--100
[]\OT1/ptm/m/n/10.95 In or-ga-ni-za-tional communication---communication that a
ids production---ambiguity
 []

[2] [3] <images/rsascene-eps-converted-to.pdf, id=169, 64.24pt x 21.07875pt>
File: images/rsascene-eps-converted-to.pdf Graphic file (type pdf)

<use images/rsascene-eps-converted-to.pdf>
Package pdftex.def Info: images/rsascene-eps-converted-to.pdf used on input lin
e 158.
(pdftex.def)             Requested size: 180.0pt x 59.0673pt.
LaTeX Font Info:    Font shape `OT1/ptm/bx/n' in size <10.95> not available
(Font)              Font shape `OT1/ptm/b/n' tried instead on input line 163.
LaTeX Font Info:    Font shape `OT1/ptm/bx/n' in size <8> not available
(Font)              Font shape `OT1/ptm/b/n' tried instead on input line 163.
LaTeX Font Info:    Font shape `OT1/ptm/bx/n' in size <6> not available
(Font)              Font shape `OT1/ptm/b/n' tried instead on input line 163.

Underfull \hbox (badness 4927) in paragraph at lines 163--163
[]\OT1/ptm/m/n/10.95 Figure 1: |A sim-ple ref-er-ence game sce-nario from [][]F
rank and Good-
 []


Underfull \hbox (badness 6220) in paragraph at lines 163--163
\OT1/ptm/m/n/10.95 man[] ([]2012[]). In the game, speak-ers are con-fronted wit
h a col-lec-
 []


Underfull \hbox (badness 5652) in paragraph at lines 163--163
\OT1/ptm/m/n/10.95 tion of ob-jects, which de-ter-mine the cur-rent sce-nario $
\OML/ptmcm/m/it/10.95 S$\OT1/ptm/m/n/10.95 , where $\OML/ptmcm/m/it/10.95 S \OT
1/ptmcm/m/n/10.95 =
 []

[4 <./images/rsascene-eps-converted-to.pdf>]
LaTeX Font Info:    Font shape `OT1/ptm/bx/n' in size <5> not available
(Font)              Font shape `OT1/ptm/b/n' tried instead on input line 182.
 [5] [6]
Overfull \hbox (4.48422pt too wide) in paragraph at lines 223--224
[]\OT1/ptm/m/n/10.95 In a lexicon-learning paradigm, [][]Woensdregt, Kirby, Cum
-mins, and Smith[] ([]2016[])
 []

[7] [8] [9] <images/preference-trial.png, id=310, 1654.18pt x 1082.0425pt>
File: images/preference-trial.png Graphic file (type png)

<use images/preference-trial.png>
Package pdftex.def Info: images/preference-trial.png used on input line 302.
(pdftex.def)             Requested size: 325.215pt x 212.7228pt.
 [10 <./images/preference-trial.png>] [11]
[12] <images/m13.pdf, id=347, 216.81pt x 216.81pt>
File: images/m13.pdf Graphic file (type pdf)
 <use images/m13.pdf>
Package pdftex.def Info: images/m13.pdf used on input line 450.
(pdftex.def)             Requested size: 144.54pt x 144.54735pt.

<images/m8.pdf, id=348, 216.81pt x 216.81pt>
File: images/m8.pdf Graphic file (type pdf)
 <use images/m8.pdf>
Package pdftex.def Info: images/m8.pdf used on input line 452.
(pdftex.def)             Requested size: 144.54pt x 144.54735pt.
 [13] [14 <./images/m13.pdf> <./images/m8.pdf>]
<images/december_barplot_x4.pdf, id=380, 361.35pt x 325.215pt>
File: images/december_barplot_x4.pdf Graphic file (type pdf)

<use images/december_barplot_x4.pdf>
Package pdftex.def Info: images/december_barplot_x4.pdf used on input line 527.

(pdftex.def)             Requested size: 180.67499pt x 162.6071pt.

Underfull \hbox (badness 1648) in paragraph at lines 528--528
[]\OT1/ptm/m/n/10.95 Figure 4: |Hu-man data and sim-pleP-SIRSA's (individually-
, two-parameter-
 []

[15 <./images/december_barplot_x4.pdf>]

Package hyperref Warning: Token not allowed in a PDF string (PDFDocEncoding):
(hyperref)                removing `\\' on input line 539.

<images/utterance-choice-trial.png, id=394, 1243.64626pt x 1038.88126pt>
File: images/utterance-choice-trial.png Graphic file (type png)

<use images/utterance-choice-trial.png>
Package pdftex.def Info: images/utterance-choice-trial.png used on input line 5
46.
(pdftex.def)             Requested size: 325.215pt x 271.6721pt.
 [16 <./images/utterance-choice-trial.png>] [17]
Overfull \hbox (0.36546pt too wide) in paragraph at lines 598--604
\OML/ptmcm/m/it/10.95 F\OT1/ptmcm/m/n/10.95 (1\OML/ptmcm/m/it/10.95 ; \OT1/ptmc
m/m/n/10.95 82) = 331\OML/ptmcm/m/it/10.95 :\OT1/ptmcm/m/n/10.95 2$\OT1/ptm/m/n
/10.95 , $\OML/ptmcm/m/it/10.95 p < \OT1/ptmcm/m/n/10.95 0\OML/ptmcm/m/it/10.95
 :\OT1/ptmcm/m/n/10.95 001$\OT1/ptm/m/n/10.95 ; op-ti-mized model pa-ram-e-ters
: $\OML/ptmcm/m/it/10.95 ^^M \OT1/ptmcm/m/n/10.95 = 0\OML/ptmcm/m/it/10.95 :\OT
1/ptmcm/m/n/10.95 0006$\OT1/ptm/m/n/10.95 , $\OML/ptmcm/m/it/10.95 ^^L \OT1/ptm
cm/m/n/10.95 = 0\OML/ptmcm/m/it/10.95 :\OT1/ptmcm/m/n/10.95 2758$\OT1/ptm/m/n/1
0.95 ,
 []

[18] <images/x3_m20.pdf, id=419, 216.81pt x 216.81pt>
File: images/x3_m20.pdf Graphic file (type pdf)
 <use images/x3_m20.pdf>
Package pdftex.def Info: images/x3_m20.pdf used on input line 611.
(pdftex.def)             Requested size: 144.54pt x 144.54735pt.

<images/x3_m7.pdf, id=420, 216.81pt x 216.81pt>
File: images/x3_m7.pdf Graphic file (type pdf)
 <use images/x3_m7.pdf>
Package pdftex.def Info: images/x3_m7.pdf used on input line 612.
(pdftex.def)             Requested size: 144.54pt x 144.54735pt.

Overfull \hbox (13.34079pt too wide) in paragraph at lines 627--634
[]\OT1/ptm/m/n/10.95 We com-pared three single-parameter-individually-optimized
 sim-pleP-SIRSA mod-
 []

<images/x3_m24.pdf, id=422, 216.81pt x 216.81pt>
File: images/x3_m24.pdf Graphic file (type pdf)
 <use images/x3_m24.pdf>
Package pdftex.def Info: images/x3_m24.pdf used on input line 637.
(pdftex.def)             Requested size: 144.54pt x 144.54735pt.

<images/x3_m11.pdf, id=423, 216.81pt x 216.81pt>
File: images/x3_m11.pdf Graphic file (type pdf)
 <use images/x3_m11.pdf>
Package pdftex.def Info: images/x3_m11.pdf used on input line 638.
(pdftex.def)             Requested size: 144.54pt x 144.54735pt.

<images/december_barplot_x3.pdf, id=427, 361.35pt x 325.215pt>
File: images/december_barplot_x3.pdf Graphic file (type pdf)

<use images/december_barplot_x3.pdf>
Package pdftex.def Info: images/december_barplot_x3.pdf used on input line 654.

(pdftex.def)             Requested size: 180.67499pt x 162.6071pt.
 [19 <./images/x3_m20.pdf> <./images/x3_m7.pdf>] [20 <./images/x3_m24.pdf> <./i
mages/x3_m11.pdf> <./images/december_barplot_x3.pdf>] [21] (./prior-inference-r
evisions.bbl [22] [23]
Underfull \hbox (badness 2111) in paragraph at lines 511--532
\OT1/ptm/m/n/10.95 Why do you ask? good ques-tions pro-voke in-for-ma-tive an-s
wers.  In
 []

[24]) [25] <appendix/311.png, id=506, 142.3719pt x 142.3719pt>
File: appendix/311.png Graphic file (type png)

<use appendix/311.png>
Package pdftex.def Info: appendix/311.png used on input line 772.
(pdftex.def)             Requested size: 21.33955pt x 21.33748pt.
 <appendix/211.png, id=507, 142.3719pt x 142.3719pt>
File: appendix/211.png Graphic file (type png)

<use appendix/211.png>
Package pdftex.def Info: appendix/211.png used on input line 773.
(pdftex.def)             Requested size: 21.33955pt x 21.33748pt.
 <appendix/313.png, id=508, 142.3719pt x 142.3719pt>
File: appendix/313.png Graphic file (type png)

<use appendix/313.png>
Package pdftex.def Info: appendix/313.png used on input line 774.
(pdftex.def)             Requested size: 21.33955pt x 21.33748pt.
 <appendix/212.png, id=509, 142.3719pt x 142.3719pt>
File: appendix/212.png Graphic file (type png)

<use appendix/212.png>
Package pdftex.def Info: appendix/212.png used on input line 782.
(pdftex.def)             Requested size: 21.33955pt x 21.33748pt.
 <appendix/213.png, id=510, 142.3719pt x 142.3719pt>
File: appendix/213.png Graphic file (type png)

<use appendix/213.png>
Package pdftex.def Info: appendix/213.png used on input line 783.
(pdftex.def)             Requested size: 21.33955pt x 21.33748pt.
 <appendix/222.png, id=511, 142.3719pt x 142.3719pt>
File: appendix/222.png Graphic file (type png)

<use appendix/222.png>
Package pdftex.def Info: appendix/222.png used on input line 784.
(pdftex.def)             Requested size: 21.33955pt x 21.33748pt.
 <appendix/112.png, id=512, 142.3719pt x 142.3719pt>
File: appendix/112.png Graphic file (type png)

<use appendix/112.png>
Package pdftex.def Info: appendix/112.png used on input line 794.
(pdftex.def)             Requested size: 21.33955pt x 21.33748pt.
 <appendix/131.png, id=513, 142.3719pt x 142.3719pt>
File: appendix/131.png Graphic file (type png)

<use appendix/131.png>
Package pdftex.def Info: appendix/131.png used on input line 795.
(pdftex.def)             Requested size: 21.33955pt x 21.33748pt.
 <appendix/111.png, id=514, 142.3719pt x 142.3719pt>
File: appendix/111.png Graphic file (type png)

<use appendix/111.png>
Package pdftex.def Info: appendix/111.png used on input line 796.
(pdftex.def)             Requested size: 21.33955pt x 21.33748pt.
 <appendix/133.png, id=515, 142.3719pt x 142.3719pt>
File: appendix/133.png Graphic file (type png)

<use appendix/133.png>
Package pdftex.def Info: appendix/133.png used on input line 813.
(pdftex.def)             Requested size: 21.33955pt x 21.33748pt.
 <appendix/122.png, id=516, 142.3719pt x 142.3719pt>
File: appendix/122.png Graphic file (type png)

<use appendix/122.png>
Package pdftex.def Info: appendix/122.png used on input line 814.
(pdftex.def)             Requested size: 21.33955pt x 21.33748pt.
 <appendix/232.png, id=517, 142.3719pt x 142.3719pt>
File: appendix/232.png Graphic file (type png)

<use appendix/232.png>
Package pdftex.def Info: appendix/232.png used on input line 815.
(pdftex.def)             Requested size: 21.33955pt x 21.33748pt.
File: appendix/133.png Graphic file (type png)
 <use appendix/133.png>
Package pdftex.def Info: appendix/133.png used on input line 825.
(pdftex.def)             Requested size: 21.33955pt x 21.33748pt.
File: appendix/122.png Graphic file (type png)
 <use appendix/122.png>
Package pdftex.def Info: appendix/122.png used on input line 826.
(pdftex.def)             Requested size: 21.33955pt x 21.33748pt.
File: appendix/232.png Graphic file (type png)

<use appendix/232.png>
Package pdftex.def Info: appendix/232.png used on input line 827.
(pdftex.def)             Requested size: 21.33955pt x 21.33748pt.

Overfull \hbox (18.87064pt too wide) in paragraph at lines 832--834
[][] 
 []

File: appendix/212.png Graphic file (type png)
<use appendix/212.png>
Package pdftex.def Info: appendix/212.png used on input line 838.
(pdftex.def)             Requested size: 21.33955pt x 21.33748pt.
 <appendix/221.png, id=518, 142.3719pt x 142.3719pt>
File: appendix/221.png Graphic file (type png)

<use appendix/221.png>
Package pdftex.def Info: appendix/221.png used on input line 839.
(pdftex.def)             Requested size: 21.33955pt x 21.33748pt.
File: appendix/311.png Graphic file (type png)
 <use appendix/311.png>
Package pdftex.def Info: appendix/311.png used on input line 840.
(pdftex.def)             Requested size: 21.33955pt x 21.33748pt.
LaTeX Font Info:    Font shape `OT1/ptm/bx/n' in size <7.4> not available
(Font)              Font shape `OT1/ptm/b/n' tried instead on input line 849.
File: appendix/131.png Graphic file (type png)
 <use appendix/131.png>
Package pdftex.def Info: appendix/131.png used on input line 857.
(pdftex.def)             Requested size: 21.33955pt x 21.33748pt.
File: appendix/221.png Graphic file (type png)

<use appendix/221.png>
Package pdftex.def Info: appendix/221.png used on input line 858.
(pdftex.def)             Requested size: 21.33955pt x 21.33748pt.
 <appendix/231.png, id=519, 142.3719pt x 142.3719pt>
File: appendix/231.png Graphic file (type png)

<use appendix/231.png>
Package pdftex.def Info: appendix/231.png used on input line 859.
(pdftex.def)             Requested size: 21.33955pt x 21.33748pt.
 <appendix/123.png, id=520, 142.3719pt x 142.3719pt>
File: appendix/123.png Graphic file (type png)

<use appendix/123.png>
Package pdftex.def Info: appendix/123.png used on input line 870.
(pdftex.def)             Requested size: 21.33955pt x 21.33748pt.
File: appendix/122.png Graphic file (type png)
 <use appendix/122.png>
Package pdftex.def Info: appendix/122.png used on input line 871.
(pdftex.def)             Requested size: 21.33955pt x 21.33748pt.
File: appendix/112.png Graphic file (type png)
 <use appendix/112.png>
Package pdftex.def Info: appendix/112.png used on input line 872.
(pdftex.def)             Requested size: 21.33955pt x 21.33748pt.
File: appendix/311.png Graphic file (type png)

<use appendix/311.png>
Package pdftex.def Info: appendix/311.png used on input line 883.
(pdftex.def)             Requested size: 21.33955pt x 21.33748pt.
File: appendix/211.png Graphic file (type png)
 <use appendix/211.png>
Package pdftex.def Info: appendix/211.png used on input line 884.
(pdftex.def)             Requested size: 21.33955pt x 21.33748pt.
File: appendix/313.png Graphic file (type png)
 <use appendix/313.png>
Package pdftex.def Info: appendix/313.png used on input line 885.
(pdftex.def)             Requested size: 21.33955pt x 21.33748pt.

Overfull \hbox (3.68886pt too wide) in paragraph at lines 901--910
\OT1/ptm/m/n/10.95 Figure []10[] shows three ex-em-plar sce-nar-ios for three r
ep-re-sen-ta-tive am-bi-gu-ity classes.
 []

[26

 <./appendix/311.png> <./appendix/211.png> <./appendix/313.png> <./appendix/212
.png> <./appendix/213.png> <./appendix/222.png> <./appendix/112.png> <./appendi
x/131.png> <./appendix/111.png> <./appendix/133.png> <./appendix/122.png> <./ap
pendix/232.png> <./appendix/221.png> <./appendix/231.png> <./appendix/123.png>]
File: appendix/311.png Graphic file (type png)
 <use appendix/311.png>
Package pdftex.def Info: appendix/311.png used on input line 918.
(pdftex.def)             Requested size: 21.33955pt x 21.33748pt.
File: appendix/211.png Graphic file (type png)
 <use appendix/211.png>
Package pdftex.def Info: appendix/211.png used on input line 919.
(pdftex.def)             Requested size: 21.33955pt x 21.33748pt.
File: appendix/313.png Graphic file (type png)
 <use appendix/313.png>
Package pdftex.def Info: appendix/313.png used on input line 920.
(pdftex.def)             Requested size: 21.33955pt x 21.33748pt.
File: appendix/212.png Graphic file (type png)

<use appendix/212.png>
Package pdftex.def Info: appendix/212.png used on input line 928.
(pdftex.def)             Requested size: 21.33955pt x 21.33748pt.
File: appendix/213.png Graphic file (type png)
 <use appendix/213.png>
Package pdftex.def Info: appendix/213.png used on input line 929.
(pdftex.def)             Requested size: 21.33955pt x 21.33748pt.
File: appendix/222.png Graphic file (type png)
 <use appendix/222.png>
Package pdftex.def Info: appendix/222.png used on input line 930.
(pdftex.def)             Requested size: 21.33955pt x 21.33748pt.
File: appendix/131.png Graphic file (type png)

<use appendix/131.png>
Package pdftex.def Info: appendix/131.png used on input line 938.
(pdftex.def)             Requested size: 21.33955pt x 21.33748pt.
File: appendix/112.png Graphic file (type png)
 <use appendix/112.png>
Package pdftex.def Info: appendix/112.png used on input line 939.
(pdftex.def)             Requested size: 21.33955pt x 21.33748pt.
File: appendix/111.png Graphic file (type png)
 <use appendix/111.png>
Package pdftex.def Info: appendix/111.png used on input line 940.
(pdftex.def)             Requested size: 21.33955pt x 21.33748pt.
File: appendix/133.png Graphic file (type png)

<use appendix/133.png>
Package pdftex.def Info: appendix/133.png used on input line 955.
(pdftex.def)             Requested size: 21.33955pt x 21.33748pt.
File: appendix/122.png Graphic file (type png)
 <use appendix/122.png>
Package pdftex.def Info: appendix/122.png used on input line 956.
(pdftex.def)             Requested size: 21.33955pt x 21.33748pt.
File: appendix/232.png Graphic file (type png)
 <use appendix/232.png>
Package pdftex.def Info: appendix/232.png used on input line 957.
(pdftex.def)             Requested size: 21.33955pt x 21.33748pt.

<appendix/223.png, id=546, 142.3719pt x 142.3719pt>
File: appendix/223.png Graphic file (type png)
 <use appendix/223.png>
Package pdftex.def Info: appendix/223.png used on input line 964.
(pdftex.def)             Requested size: 21.33955pt x 21.33748pt.

<appendix/322.png, id=547, 142.3719pt x 142.3719pt>
File: appendix/322.png Graphic file (type png)
 <use appendix/322.png>
Package pdftex.def Info: appendix/322.png used on input line 965.
(pdftex.def)             Requested size: 21.33955pt x 21.33748pt.
File: appendix/313.png Graphic file (type png)

<use appendix/313.png>
Package pdftex.def Info: appendix/313.png used on input line 966.
(pdftex.def)             Requested size: 21.33955pt x 21.33748pt.
File: appendix/212.png Graphic file (type png)
 <use appendix/212.png>
Package pdftex.def Info: appendix/212.png used on input line 973.
(pdftex.def)             Requested size: 21.33955pt x 21.33748pt.
File: appendix/221.png Graphic file (type png)
 <use appendix/221.png>
Package pdftex.def Info: appendix/221.png used on input line 974.
(pdftex.def)             Requested size: 21.33955pt x 21.33748pt.
File: appendix/311.png Graphic file (type png)

<use appendix/311.png>
Package pdftex.def Info: appendix/311.png used on input line 975.
(pdftex.def)             Requested size: 21.33955pt x 21.33748pt.
File: appendix/131.png Graphic file (type png)
 <use appendix/131.png>
Package pdftex.def Info: appendix/131.png used on input line 988.
(pdftex.def)             Requested size: 21.33955pt x 21.33748pt.
File: appendix/213.png Graphic file (type png)
 <use appendix/213.png>
Package pdftex.def Info: appendix/213.png used on input line 989.
(pdftex.def)             Requested size: 21.33955pt x 21.33748pt.
File: appendix/222.png Graphic file (type png)

<use appendix/222.png>
Package pdftex.def Info: appendix/222.png used on input line 990.
(pdftex.def)             Requested size: 21.33955pt x 21.33748pt.
 <appendix/233.png, id=548, 142.3719pt x 142.3719pt>
File: appendix/233.png Graphic file (type png)

<use appendix/233.png>
Package pdftex.def Info: appendix/233.png used on input line 997.
(pdftex.def)             Requested size: 21.33955pt x 21.33748pt.
File: appendix/122.png Graphic file (type png)
 <use appendix/122.png>
Package pdftex.def Info: appendix/122.png used on input line 998.
(pdftex.def)             Requested size: 21.33955pt x 21.33748pt.

<appendix/312.png, id=549, 142.3719pt x 142.3719pt>
File: appendix/312.png Graphic file (type png)
 <use appendix/312.png>
Package pdftex.def Info: appendix/312.png used on input line 999.
(pdftex.def)             Requested size: 21.33955pt x 21.33748pt.

<appendix/331.png, id=550, 142.3719pt x 142.3719pt>
File: appendix/331.png Graphic file (type png)
 <use appendix/331.png>
Package pdftex.def Info: appendix/331.png used on input line 1006.
(pdftex.def)             Requested size: 21.33955pt x 21.33748pt.
File: appendix/212.png Graphic file (type png)

<use appendix/212.png>
Package pdftex.def Info: appendix/212.png used on input line 1007.
(pdftex.def)             Requested size: 21.33955pt x 21.33748pt.
 <appendix/113.png, id=551, 142.3719pt x 142.3719pt>
File: appendix/113.png Graphic file (type png)

<use appendix/113.png>
Package pdftex.def Info: appendix/113.png used on input line 1008.
(pdftex.def)             Requested size: 21.33955pt x 21.33748pt.
 [27 <./appendix/223.png> <./appendix/322.png> <./appendix/233.png> <./appendix
/312.png> <./appendix/331.png> <./appendix/113.png>]
Package atveryend Info: Empty hook `BeforeClearDocument' on input line 1019.
Package atveryend Info: Empty hook `AfterLastShipout' on input line 1019.

(./prior-inference-revisions.aux)
Package atveryend Info: Executing hook `AtVeryEndDocument' on input line 1019.
Package atveryend Info: Executing hook `AtEndAfterFileList' on input line 1019.

Package rerunfilecheck Info: File `prior-inference-revisions.out' has not chang
ed.
(rerunfilecheck)             Checksum: 052C602F37A21623F424647C6ADB98C5;1309.
Package atveryend Info: Empty hook `AtVeryVeryEnd' on input line 1019.
 ) 
Here is how much of TeX's memory you used:
 18546 strings out of 493014
 342923 string characters out of 6133351
 417068 words of memory out of 5000000
 21603 multiletter control sequences out of 15000+600000
 57356 words of font info for 115 fonts, out of 8000000 for 9000
 1141 hyphenation exceptions out of 8191
 55i,12n,54p,2164b,906s stack positions out of 5000i,500n,10000p,200000b,80000s
{/usr/local/texlive/2016/texmf-dist/fonts/enc/dvips/base/8r.enc}</usr/local/t
exlive/2016/texmf-dist/fonts/type1/public/amsfonts/cm/cmex10.pfb></usr/local/te
xlive/2016/texmf-dist/fonts/type1/public/amsfonts/cm/cmmi10.pfb></usr/local/tex
live/2016/texmf-dist/fonts/type1/public/amsfonts/cm/cmr10.pfb></usr/local/texli
ve/2016/texmf-dist/fonts/type1/public/amsfonts/cm/cmsy10.pfb></usr/local/texliv
e/2016/texmf-dist/fonts/type1/urw/courier/ucrr8a.pfb></usr/local/texlive/2016/t
exmf-dist/fonts/type1/urw/symbol/usyr.pfb></usr/local/texlive/2016/texmf-dist/f
onts/type1/urw/times/utmb8a.pfb></usr/local/texlive/2016/texmf-dist/fonts/type1
/urw/times/utmr8a.pfb></usr/local/texlive/2016/texmf-dist/fonts/type1/urw/times
/utmri8a.pfb>
Output written on prior-inference-revisions.pdf (27 pages, 1673143 bytes).
PDF statistics:
 621 PDF objects out of 1000 (max. 8388607)
 511 compressed objects within 6 object streams
 115 named destinations out of 1000 (max. 500000)
 325 words of extra memory for PDF output out of 10000 (max. 10000000)

