This is pdfTeX, Version 3.14159265-2.6-1.40.20 (MiKTeX 2.9.7250 64-bit) (preloaded format=pdflatex 2020.2.3)  3 FEB 2020 21:26
entering extended mode
**./dialogue-rsa.tex
(dialogue-rsa.tex
LaTeX2e <2019-10-01> patch level 3
("C:\Program Files\MiKTeX 2.9\tex/latex/base\article.cls"
Document Class: article 2019/10/25 v1.4k Standard LaTeX document class
("C:\Program Files\MiKTeX 2.9\tex/latex/base\size10.clo"
File: size10.clo 2019/10/25 v1.4k Standard LaTeX file (size option)
)
\c@part=\count80
\c@section=\count81
\c@subsection=\count82
\c@subsubsection=\count83
\c@paragraph=\count84
\c@subparagraph=\count85
\c@figure=\count86
\c@table=\count87
\abovecaptionskip=\skip41
\belowcaptionskip=\skip42
\bibindent=\dimen102
)
("C:\Users\Ella Eisemann\AppData\Roaming\MiKTeX\2.9\tex/latex/pgf/frontendlayer
\tikz.sty"
("C:\Users\Ella Eisemann\AppData\Roaming\MiKTeX\2.9\tex/latex/pgf/basiclayer\pg
f.sty"
("C:\Users\Ella Eisemann\AppData\Roaming\MiKTeX\2.9\tex/latex/pgf/utilities\pgf
rcs.sty"
("C:\Users\Ella Eisemann\AppData\Roaming\MiKTeX\2.9\tex/generic/pgf/utilities\p
gfutil-common.tex"
\pgfutil@everybye=\toks14
\pgfutil@tempdima=\dimen103
\pgfutil@tempdimb=\dimen104

("C:\Users\Ella Eisemann\AppData\Roaming\MiKTeX\2.9\tex/generic/pgf/utilities\p
gfutil-common-lists.tex"))
("C:\Users\Ella Eisemann\AppData\Roaming\MiKTeX\2.9\tex/generic/pgf/utilities\p
gfutil-latex.def"
\pgfutil@abb=\box27
 ("C:\Program Files\MiKTeX 2.9\tex/latex/ms\everyshi.sty"
Package: everyshi 2001/05/15 v3.00 EveryShipout Package (MS)
))
("C:\Users\Ella Eisemann\AppData\Roaming\MiKTeX\2.9\tex/generic/pgf/utilities\p
gfrcs.code.tex"
("C:\Users\Ella Eisemann\AppData\Roaming\MiKTeX\2.9\tex/generic/pgf\pgf.revisio
n.tex")
Package: pgfrcs 2020/01/08 v3.1.5b (3.1.5b)
))
Package: pgf 2020/01/08 v3.1.5b (3.1.5b)

("C:\Users\Ella Eisemann\AppData\Roaming\MiKTeX\2.9\tex/latex/pgf/basiclayer\pg
fcore.sty" ("C:\Program Files\MiKTeX 2.9\tex/latex/graphics\graphicx.sty"
Package: graphicx 2017/06/01 v1.1a Enhanced LaTeX Graphics (DPC,SPQR)

("C:\Program Files\MiKTeX 2.9\tex/latex/graphics\keyval.sty"
Package: keyval 2014/10/28 v1.15 key=value parser (DPC)
\KV@toks@=\toks15
)
("C:\Program Files\MiKTeX 2.9\tex/latex/graphics\graphics.sty"
Package: graphics 2019/11/01 v1.3d Standard LaTeX Graphics (DPC,SPQR)

("C:\Program Files\MiKTeX 2.9\tex/latex/graphics\trig.sty"
Package: trig 2016/01/03 v1.10 sin cos tan (DPC)
)
("C:\Program Files\MiKTeX 2.9\tex/latex/graphics-cfg\graphics.cfg"
File: graphics.cfg 2016/06/04 v1.11 sample graphics configuration
)
Package graphics Info: Driver file: pdftex.def on input line 105.

("C:\Program Files\MiKTeX 2.9\tex/latex/graphics-def\pdftex.def"
File: pdftex.def 2018/01/08 v1.0l Graphics/color driver for pdftex
))
\Gin@req@height=\dimen105
\Gin@req@width=\dimen106
)
("C:\Users\Ella Eisemann\AppData\Roaming\MiKTeX\2.9\tex/latex/pgf/systemlayer\p
gfsys.sty"
("C:\Users\Ella Eisemann\AppData\Roaming\MiKTeX\2.9\tex/generic/pgf/systemlayer
\pgfsys.code.tex"
Package: pgfsys 2020/01/08 v3.1.5b (3.1.5b)

("C:\Users\Ella Eisemann\AppData\Roaming\MiKTeX\2.9\tex/generic/pgf/utilities\p
gfkeys.code.tex"
\pgfkeys@pathtoks=\toks16
\pgfkeys@temptoks=\toks17

("C:\Users\Ella Eisemann\AppData\Roaming\MiKTeX\2.9\tex/generic/pgf/utilities\p
gfkeysfiltered.code.tex"
\pgfkeys@tmptoks=\toks18
))
\pgf@x=\dimen107
\pgf@y=\dimen108
\pgf@xa=\dimen109
\pgf@ya=\dimen110
\pgf@xb=\dimen111
\pgf@yb=\dimen112
\pgf@xc=\dimen113
\pgf@yc=\dimen114
\pgf@xd=\dimen115
\pgf@yd=\dimen116
\w@pgf@writea=\write3
\r@pgf@reada=\read1
\c@pgf@counta=\count88
\c@pgf@countb=\count89
\c@pgf@countc=\count90
\c@pgf@countd=\count91
\t@pgf@toka=\toks19
\t@pgf@tokb=\toks20
\t@pgf@tokc=\toks21
\pgf@sys@id@count=\count92

("C:\Users\Ella Eisemann\AppData\Roaming\MiKTeX\2.9\tex/generic/pgf/systemlayer
\pgf.cfg"
File: pgf.cfg 2020/01/08 v3.1.5b (3.1.5b)
)
Driver file for pgf: pgfsys-pdftex.def

("C:\Users\Ella Eisemann\AppData\Roaming\MiKTeX\2.9\tex/generic/pgf/systemlayer
\pgfsys-pdftex.def"
File: pgfsys-pdftex.def 2020/01/08 v3.1.5b (3.1.5b)

("C:\Users\Ella Eisemann\AppData\Roaming\MiKTeX\2.9\tex/generic/pgf/systemlayer
\pgfsys-common-pdf.def"
File: pgfsys-common-pdf.def 2020/01/08 v3.1.5b (3.1.5b)
)))
("C:\Users\Ella Eisemann\AppData\Roaming\MiKTeX\2.9\tex/generic/pgf/systemlayer
\pgfsyssoftpath.code.tex"
File: pgfsyssoftpath.code.tex 2020/01/08 v3.1.5b (3.1.5b)
\pgfsyssoftpath@smallbuffer@items=\count93
\pgfsyssoftpath@bigbuffer@items=\count94
)
("C:\Users\Ella Eisemann\AppData\Roaming\MiKTeX\2.9\tex/generic/pgf/systemlayer
\pgfsysprotocol.code.tex"
File: pgfsysprotocol.code.tex 2020/01/08 v3.1.5b (3.1.5b)
))
("C:\Program Files\MiKTeX 2.9\tex/latex/xcolor\xcolor.sty"
Package: xcolor 2016/05/11 v2.12 LaTeX color extensions (UK)

("C:\Program Files\MiKTeX 2.9\tex/latex/graphics-cfg\color.cfg"
File: color.cfg 2016/01/02 v1.6 sample color configuration
)
Package xcolor Info: Driver file: pdftex.def on input line 225.
Package xcolor Info: Model `cmy' substituted by `cmy0' on input line 1348.
Package xcolor Info: Model `hsb' substituted by `rgb' on input line 1352.
Package xcolor Info: Model `RGB' extended on input line 1364.
Package xcolor Info: Model `HTML' substituted by `rgb' on input line 1366.
Package xcolor Info: Model `Hsb' substituted by `hsb' on input line 1367.
Package xcolor Info: Model `tHsb' substituted by `hsb' on input line 1368.
Package xcolor Info: Model `HSB' substituted by `hsb' on input line 1369.
Package xcolor Info: Model `Gray' substituted by `gray' on input line 1370.
Package xcolor Info: Model `wave' substituted by `hsb' on input line 1371.
)
("C:\Users\Ella Eisemann\AppData\Roaming\MiKTeX\2.9\tex/generic/pgf/basiclayer\
pgfcore.code.tex"
Package: pgfcore 2020/01/08 v3.1.5b (3.1.5b)

("C:\Users\Ella Eisemann\AppData\Roaming\MiKTeX\2.9\tex/generic/pgf/math\pgfmat
h.code.tex"
("C:\Users\Ella Eisemann\AppData\Roaming\MiKTeX\2.9\tex/generic/pgf/math\pgfmat
hcalc.code.tex"
("C:\Users\Ella Eisemann\AppData\Roaming\MiKTeX\2.9\tex/generic/pgf/math\pgfmat
hutil.code.tex")
("C:\Users\Ella Eisemann\AppData\Roaming\MiKTeX\2.9\tex/generic/pgf/math\pgfmat
hparser.code.tex"
\pgfmath@dimen=\dimen117
\pgfmath@count=\count95
\pgfmath@box=\box28
\pgfmath@toks=\toks22
\pgfmath@stack@operand=\toks23
\pgfmath@stack@operation=\toks24
)
("C:\Users\Ella Eisemann\AppData\Roaming\MiKTeX\2.9\tex/generic/pgf/math\pgfmat
hfunctions.code.tex"
("C:\Users\Ella Eisemann\AppData\Roaming\MiKTeX\2.9\tex/generic/pgf/math\pgfmat
hfunctions.basic.code.tex")
("C:\Users\Ella Eisemann\AppData\Roaming\MiKTeX\2.9\tex/generic/pgf/math\pgfmat
hfunctions.trigonometric.code.tex")
("C:\Users\Ella Eisemann\AppData\Roaming\MiKTeX\2.9\tex/generic/pgf/math\pgfmat
hfunctions.random.code.tex")
("C:\Users\Ella Eisemann\AppData\Roaming\MiKTeX\2.9\tex/generic/pgf/math\pgfmat
hfunctions.comparison.code.tex")
("C:\Users\Ella Eisemann\AppData\Roaming\MiKTeX\2.9\tex/generic/pgf/math\pgfmat
hfunctions.base.code.tex")
("C:\Users\Ella Eisemann\AppData\Roaming\MiKTeX\2.9\tex/generic/pgf/math\pgfmat
hfunctions.round.code.tex")
("C:\Users\Ella Eisemann\AppData\Roaming\MiKTeX\2.9\tex/generic/pgf/math\pgfmat
hfunctions.misc.code.tex")
("C:\Users\Ella Eisemann\AppData\Roaming\MiKTeX\2.9\tex/generic/pgf/math\pgfmat
hfunctions.integerarithmetics.code.tex")))
("C:\Users\Ella Eisemann\AppData\Roaming\MiKTeX\2.9\tex/generic/pgf/math\pgfmat
hfloat.code.tex"
\c@pgfmathroundto@lastzeros=\count96
))
("C:\Users\Ella Eisemann\AppData\Roaming\MiKTeX\2.9\tex/generic/pgf/math\pgfint
.code.tex")
("C:\Users\Ella Eisemann\AppData\Roaming\MiKTeX\2.9\tex/generic/pgf/basiclayer\
pgfcorepoints.code.tex"
File: pgfcorepoints.code.tex 2020/01/08 v3.1.5b (3.1.5b)
\pgf@picminx=\dimen118
\pgf@picmaxx=\dimen119
\pgf@picminy=\dimen120
\pgf@picmaxy=\dimen121
\pgf@pathminx=\dimen122
\pgf@pathmaxx=\dimen123
\pgf@pathminy=\dimen124
\pgf@pathmaxy=\dimen125
\pgf@xx=\dimen126
\pgf@xy=\dimen127
\pgf@yx=\dimen128
\pgf@yy=\dimen129
\pgf@zx=\dimen130
\pgf@zy=\dimen131
)
("C:\Users\Ella Eisemann\AppData\Roaming\MiKTeX\2.9\tex/generic/pgf/basiclayer\
pgfcorepathconstruct.code.tex"
File: pgfcorepathconstruct.code.tex 2020/01/08 v3.1.5b (3.1.5b)
\pgf@path@lastx=\dimen132
\pgf@path@lasty=\dimen133
)
("C:\Users\Ella Eisemann\AppData\Roaming\MiKTeX\2.9\tex/generic/pgf/basiclayer\
pgfcorepathusage.code.tex"
File: pgfcorepathusage.code.tex 2020/01/08 v3.1.5b (3.1.5b)
\pgf@shorten@end@additional=\dimen134
\pgf@shorten@start@additional=\dimen135
)
("C:\Users\Ella Eisemann\AppData\Roaming\MiKTeX\2.9\tex/generic/pgf/basiclayer\
pgfcorescopes.code.tex"
File: pgfcorescopes.code.tex 2020/01/08 v3.1.5b (3.1.5b)
\pgfpic=\box29
\pgf@hbox=\box30
\pgf@layerbox@main=\box31
\pgf@picture@serial@count=\count97
)
("C:\Users\Ella Eisemann\AppData\Roaming\MiKTeX\2.9\tex/generic/pgf/basiclayer\
pgfcoregraphicstate.code.tex"
File: pgfcoregraphicstate.code.tex 2020/01/08 v3.1.5b (3.1.5b)
\pgflinewidth=\dimen136
)
("C:\Users\Ella Eisemann\AppData\Roaming\MiKTeX\2.9\tex/generic/pgf/basiclayer\
pgfcoretransformations.code.tex"
File: pgfcoretransformations.code.tex 2020/01/08 v3.1.5b (3.1.5b)
\pgf@pt@x=\dimen137
\pgf@pt@y=\dimen138
\pgf@pt@temp=\dimen139
)
("C:\Users\Ella Eisemann\AppData\Roaming\MiKTeX\2.9\tex/generic/pgf/basiclayer\
pgfcorequick.code.tex"
File: pgfcorequick.code.tex 2020/01/08 v3.1.5b (3.1.5b)
)
("C:\Users\Ella Eisemann\AppData\Roaming\MiKTeX\2.9\tex/generic/pgf/basiclayer\
pgfcoreobjects.code.tex"
File: pgfcoreobjects.code.tex 2020/01/08 v3.1.5b (3.1.5b)
)
("C:\Users\Ella Eisemann\AppData\Roaming\MiKTeX\2.9\tex/generic/pgf/basiclayer\
pgfcorepathprocessing.code.tex"
File: pgfcorepathprocessing.code.tex 2020/01/08 v3.1.5b (3.1.5b)
)
("C:\Users\Ella Eisemann\AppData\Roaming\MiKTeX\2.9\tex/generic/pgf/basiclayer\
pgfcorearrows.code.tex"
File: pgfcorearrows.code.tex 2020/01/08 v3.1.5b (3.1.5b)
\pgfarrowsep=\dimen140
)
("C:\Users\Ella Eisemann\AppData\Roaming\MiKTeX\2.9\tex/generic/pgf/basiclayer\
pgfcoreshade.code.tex"
File: pgfcoreshade.code.tex 2020/01/08 v3.1.5b (3.1.5b)
\pgf@max=\dimen141
\pgf@sys@shading@range@num=\count98
\pgf@shadingcount=\count99
)
("C:\Users\Ella Eisemann\AppData\Roaming\MiKTeX\2.9\tex/generic/pgf/basiclayer\
pgfcoreimage.code.tex"
File: pgfcoreimage.code.tex 2020/01/08 v3.1.5b (3.1.5b)

("C:\Users\Ella Eisemann\AppData\Roaming\MiKTeX\2.9\tex/generic/pgf/basiclayer\
pgfcoreexternal.code.tex"
File: pgfcoreexternal.code.tex 2020/01/08 v3.1.5b (3.1.5b)
\pgfexternal@startupbox=\box32
))
("C:\Users\Ella Eisemann\AppData\Roaming\MiKTeX\2.9\tex/generic/pgf/basiclayer\
pgfcorelayers.code.tex"
File: pgfcorelayers.code.tex 2020/01/08 v3.1.5b (3.1.5b)
)
("C:\Users\Ella Eisemann\AppData\Roaming\MiKTeX\2.9\tex/generic/pgf/basiclayer\
pgfcoretransparency.code.tex"
File: pgfcoretransparency.code.tex 2020/01/08 v3.1.5b (3.1.5b)
)
("C:\Users\Ella Eisemann\AppData\Roaming\MiKTeX\2.9\tex/generic/pgf/basiclayer\
pgfcorepatterns.code.tex"
File: pgfcorepatterns.code.tex 2020/01/08 v3.1.5b (3.1.5b)
)
("C:\Users\Ella Eisemann\AppData\Roaming\MiKTeX\2.9\tex/generic/pgf/basiclayer\
pgfcorerdf.code.tex"
File: pgfcorerdf.code.tex 2020/01/08 v3.1.5b (3.1.5b)
)))
("C:\Users\Ella Eisemann\AppData\Roaming\MiKTeX\2.9\tex/generic/pgf/modules\pgf
moduleshapes.code.tex"
File: pgfmoduleshapes.code.tex 2020/01/08 v3.1.5b (3.1.5b)
\pgfnodeparttextbox=\box33
)
("C:\Users\Ella Eisemann\AppData\Roaming\MiKTeX\2.9\tex/generic/pgf/modules\pgf
moduleplot.code.tex"
File: pgfmoduleplot.code.tex 2020/01/08 v3.1.5b (3.1.5b)
)
("C:\Users\Ella Eisemann\AppData\Roaming\MiKTeX\2.9\tex/latex/pgf/compatibility
\pgfcomp-version-0-65.sty"
Package: pgfcomp-version-0-65 2020/01/08 v3.1.5b (3.1.5b)
\pgf@nodesepstart=\dimen142
\pgf@nodesepend=\dimen143
)
("C:\Users\Ella Eisemann\AppData\Roaming\MiKTeX\2.9\tex/latex/pgf/compatibility
\pgfcomp-version-1-18.sty"
Package: pgfcomp-version-1-18 2020/01/08 v3.1.5b (3.1.5b)
))
("C:\Users\Ella Eisemann\AppData\Roaming\MiKTeX\2.9\tex/latex/pgf/utilities\pgf
for.sty"
("C:\Users\Ella Eisemann\AppData\Roaming\MiKTeX\2.9\tex/latex/pgf/utilities\pgf
keys.sty"
("C:\Users\Ella Eisemann\AppData\Roaming\MiKTeX\2.9\tex/generic/pgf/utilities\p
gfkeys.code.tex"))
("C:\Users\Ella Eisemann\AppData\Roaming\MiKTeX\2.9\tex/latex/pgf/math\pgfmath.
sty"
("C:\Users\Ella Eisemann\AppData\Roaming\MiKTeX\2.9\tex/generic/pgf/math\pgfmat
h.code.tex"))
("C:\Users\Ella Eisemann\AppData\Roaming\MiKTeX\2.9\tex/generic/pgf/utilities\p
gffor.code.tex"
Package: pgffor 2020/01/08 v3.1.5b (3.1.5b)

("C:\Users\Ella Eisemann\AppData\Roaming\MiKTeX\2.9\tex/generic/pgf/math\pgfmat
h.code.tex")
\pgffor@iter=\dimen144
\pgffor@skip=\dimen145
\pgffor@stack=\toks25
\pgffor@toks=\toks26
))
("C:\Users\Ella Eisemann\AppData\Roaming\MiKTeX\2.9\tex/generic/pgf/frontendlay
er/tikz\tikz.code.tex"
Package: tikz 2020/01/08 v3.1.5b (3.1.5b)

("C:\Users\Ella Eisemann\AppData\Roaming\MiKTeX\2.9\tex/generic/pgf/libraries\p
gflibraryplothandlers.code.tex"
File: pgflibraryplothandlers.code.tex 2020/01/08 v3.1.5b (3.1.5b)
\pgf@plot@mark@count=\count100
\pgfplotmarksize=\dimen146
)
\tikz@lastx=\dimen147
\tikz@lasty=\dimen148
\tikz@lastxsaved=\dimen149
\tikz@lastysaved=\dimen150
\tikz@lastmovetox=\dimen151
\tikz@lastmovetoy=\dimen152
\tikzleveldistance=\dimen153
\tikzsiblingdistance=\dimen154
\tikz@figbox=\box34
\tikz@figbox@bg=\box35
\tikz@tempbox=\box36
\tikz@tempbox@bg=\box37
\tikztreelevel=\count101
\tikznumberofchildren=\count102
\tikznumberofcurrentchild=\count103
\tikz@fig@count=\count104

("C:\Users\Ella Eisemann\AppData\Roaming\MiKTeX\2.9\tex/generic/pgf/modules\pgf
modulematrix.code.tex"
File: pgfmodulematrix.code.tex 2020/01/08 v3.1.5b (3.1.5b)
\pgfmatrixcurrentrow=\count105
\pgfmatrixcurrentcolumn=\count106
\pgf@matrix@numberofcolumns=\count107
)
\tikz@expandcount=\count108

("C:\Users\Ella Eisemann\AppData\Roaming\MiKTeX\2.9\tex/generic/pgf/frontendlay
er/tikz/libraries\tikzlibrarytopaths.code.tex"
File: tikzlibrarytopaths.code.tex 2020/01/08 v3.1.5b (3.1.5b)
)))
("C:\Program Files\MiKTeX 2.9\tex/latex/amsmath\amsmath.sty"
Package: amsmath 2019/11/16 v2.17d AMS math features
\@mathmargin=\skip43

For additional information on amsmath, use the `?' option.
("C:\Program Files\MiKTeX 2.9\tex/latex/amsmath\amstext.sty"
Package: amstext 2000/06/29 v2.01 AMS text

("C:\Program Files\MiKTeX 2.9\tex/latex/amsmath\amsgen.sty"
File: amsgen.sty 1999/11/30 v2.0 generic functions
\@emptytoks=\toks27
\ex@=\dimen155
))
("C:\Program Files\MiKTeX 2.9\tex/latex/amsmath\amsbsy.sty"
Package: amsbsy 1999/11/29 v1.2d Bold Symbols
\pmbraise@=\dimen156
)
("C:\Program Files\MiKTeX 2.9\tex/latex/amsmath\amsopn.sty"
Package: amsopn 2016/03/08 v2.02 operator names
)
\inf@bad=\count109
LaTeX Info: Redefining \frac on input line 227.
\uproot@=\count110
\leftroot@=\count111
LaTeX Info: Redefining \overline on input line 389.
\classnum@=\count112
\DOTSCASE@=\count113
LaTeX Info: Redefining \ldots on input line 486.
LaTeX Info: Redefining \dots on input line 489.
LaTeX Info: Redefining \cdots on input line 610.
\Mathstrutbox@=\box38
\strutbox@=\box39
\big@size=\dimen157
LaTeX Font Info:    Redeclaring font encoding OML on input line 733.
LaTeX Font Info:    Redeclaring font encoding OMS on input line 734.
\macc@depth=\count114
\c@MaxMatrixCols=\count115
\dotsspace@=\muskip10
\c@parentequation=\count116
\dspbrk@lvl=\count117
\tag@help=\toks28
\row@=\count118
\column@=\count119
\maxfields@=\count120
\andhelp@=\toks29
\eqnshift@=\dimen158
\alignsep@=\dimen159
\tagshift@=\dimen160
\tagwidth@=\dimen161
\totwidth@=\dimen162
\lineht@=\dimen163
\@envbody=\toks30
\multlinegap=\skip44
\multlinetaggap=\skip45
\mathdisplay@stack=\toks31
LaTeX Info: Redefining \[ on input line 2858.
LaTeX Info: Redefining \] on input line 2859.
)
("C:\Program Files\MiKTeX 2.9\tex/latex/url\url.sty"
\Urlmuskip=\muskip11
Package: url 2013/09/16  ver 3.4  Verb mode for urls, etc.
)
("C:\Program Files\MiKTeX 2.9\tex/latex/tools\multicol.sty"
Package: multicol 2019/03/01 v1.8w multicolumn formatting (FMi)
\c@tracingmulticols=\count121
\mult@box=\box40
\multicol@leftmargin=\dimen164
\c@unbalance=\count122
\c@collectmore=\count123
\doublecol@number=\count124
\multicoltolerance=\count125
\multicolpretolerance=\count126
\full@width=\dimen165
\page@free=\dimen166
\premulticols=\dimen167
\postmulticols=\dimen168
\multicolsep=\skip46
\multicolbaselineskip=\skip47
\partial@page=\box41
\last@line=\box42
\maxbalancingoverflow=\dimen169
\mult@rightbox=\box43
\mult@grightbox=\box44
\mult@gfirstbox=\box45
\mult@firstbox=\box46
\@tempa=\box47
\@tempa=\box48
\@tempa=\box49
\@tempa=\box50
\@tempa=\box51
\@tempa=\box52
\@tempa=\box53
\@tempa=\box54
\@tempa=\box55
\@tempa=\box56
\@tempa=\box57
\@tempa=\box58
\@tempa=\box59
\@tempa=\box60
\@tempa=\box61
\@tempa=\box62
\@tempa=\box63
\c@minrows=\count127
\c@columnbadness=\count128
\c@finalcolumnbadness=\count129
\last@try=\dimen170
\multicolovershoot=\dimen171
\multicolundershoot=\dimen172
\mult@nat@firstbox=\box64
\colbreak@box=\box65
\mc@col@check@num=\count130
)
("C:\Users\Ella Eisemann\AppData\Roaming\MiKTeX\2.9\tex/latex/varwidth\varwidth
.sty"
Package: varwidth 2009/03/30 ver 0.92;  Variable-width minipages
\@vwid@box=\box66
\sift@deathcycles=\count131
\@vwid@loff=\dimen173
\@vwid@roff=\dimen174
) ("C:\Program Files\MiKTeX 2.9\tex/latex/blindtext\blindtext.sty"
Package: blindtext 2012/01/06 V2.0 blindtext-Package

("C:\Program Files\MiKTeX 2.9\tex/latex/tools\xspace.sty"
Package: xspace 2014/10/28 v1.13 Space after command names (DPC,MH)
)
\c@blindtext=\count132
\c@Blindtext=\count133
\c@blind@countparstart=\count134
\blind@countxx=\count135
\blindtext@numBlindtext=\count136
\blind@countyy=\count137
\c@blindlist=\count138
\c@blindlistlevel=\count139
\c@blindlist@level=\count140
\blind@listitem=\count141
\c@blind@listcount=\count142
\c@blind@levelcount=\count143
\blind@mathformula=\count144
\blind@Mathformula=\count145
\c@blind@randomcount=\count146
\c@blind@randommax=\count147
\c@blind@pangramcount=\count148
\c@blind@pangrammax=\count149
)
("C:\Users\Ella Eisemann\AppData\Roaming\MiKTeX\2.9\tex/latex/linguex\linguex.s
ty"
Package: linguex 2013/05/28 Example formatting for linguistics v. 4.3

("C:\Users\Ella Eisemann\AppData\Roaming\MiKTeX\2.9\tex/latex/gb4e\cgloss4e.sty
"
\lineone=\box67
\linetwo=\box68
\linethree=\box69
\wordone=\box70
\wordtwo=\box71
\wordthree=\box72
\gline=\box73
\glossglue=\skip48
)
\c@ExNo=\count150
\c@SubExNo=\count151
\c@SubSubExNo=\count152
\c@FnExNo=\count153
\c@ABC=\count154
\currentlabel=\skip49
\lessthanten=\skip50
\lessthanhundred=\skip51
\lessthanthousand=\skip52
\@Exleftmargin=\skip53
\Exlabelwidth=\skip54
\Extopsep=\skip55
\Exindent=\skip56
\SubExleftmargin=\skip57
\SubSubExleftmargin=\skip58
\Exlabelsep=\skip59
\alignSubExnegindent=\skip60
\Exredux=\skip61
\digitwidth=\skip62
\mindigitwidth=\skip63
\c@ExDepth=\count155
\c@TempExDepth=\count156
\CollectTokens=\toks32
LaTeX Info: Redefining \b on input line 307.
LaTeX Info: Redefining \c on input line 311.
LaTeX Info: Redefining \d on input line 313.
\c@tmpaEx=\count157
) (cogsci.sty
Conference Style for COGSCI -- last modified October 24, 2006
)
("C:\Users\Ella Eisemann\AppData\Roaming\MiKTeX\2.9\tex/latex/pslatex\pslatex.s
ty"
Package: pslatex 1996/07/24 v1.2 pslatex emulation (DPC)
LaTeX Font Info:    Redeclaring symbol font `operators' on input line 65.
LaTeX Font Info:    Overwriting symbol font `operators' in version `normal'
(Font)                  OT1/cmr/m/n --> OT1/ptmcm/m/n on input line 65.
LaTeX Font Info:    Overwriting symbol font `operators' in version `bold'
(Font)                  OT1/cmr/bx/n --> OT1/ptmcm/m/n on input line 65.
LaTeX Font Info:    Redeclaring symbol font `letters' on input line 66.
LaTeX Font Info:    Overwriting symbol font `letters' in version `normal'
(Font)                  OML/cmm/m/it --> OML/ptmcm/m/it on input line 66.
LaTeX Font Info:    Overwriting symbol font `letters' in version `bold'
(Font)                  OML/cmm/b/it --> OML/ptmcm/m/it on input line 66.
LaTeX Font Info:    Redeclaring symbol font `symbols' on input line 67.
LaTeX Font Info:    Overwriting symbol font `symbols' in version `normal'
(Font)                  OMS/cmsy/m/n --> OMS/pzccm/m/n on input line 67.
LaTeX Font Info:    Overwriting symbol font `symbols' in version `bold'
(Font)                  OMS/cmsy/b/n --> OMS/pzccm/m/n on input line 67.
LaTeX Font Info:    Redeclaring symbol font `largesymbols' on input line 68.
LaTeX Font Info:    Overwriting symbol font `largesymbols' in version `normal'
(Font)                  OMX/cmex/m/n --> OMX/psycm/m/n on input line 68.
LaTeX Font Info:    Overwriting symbol font `largesymbols' in version `bold'
(Font)                  OMX/cmex/m/n --> OMX/psycm/m/n on input line 68.
\symbold=\mathgroup4
\symitalic=\mathgroup5
LaTeX Font Info:    Redeclaring math alphabet \mathbf on input line 74.
LaTeX Font Info:    Overwriting math alphabet `\mathbf' in version `normal'
(Font)                  OT1/cmr/bx/n --> OT1/ptm/bx/n on input line 74.
LaTeX Font Info:    Overwriting math alphabet `\mathbf' in version `bold'
(Font)                  OT1/cmr/bx/n --> OT1/ptm/bx/n on input line 74.
LaTeX Font Info:    Redeclaring math alphabet \mathit on input line 75.
LaTeX Font Info:    Overwriting math alphabet `\mathit' in version `normal'
(Font)                  OT1/cmr/m/it --> OT1/ptm/m/it on input line 75.
LaTeX Font Info:    Overwriting math alphabet `\mathit' in version `bold'
(Font)                  OT1/cmr/bx/it --> OT1/ptm/m/it on input line 75.
) ("C:\Program Files\MiKTeX 2.9\tex/latex/hyperref\hyperref.sty"
Package: hyperref 2019/11/10 v7.00c Hypertext links for LaTeX

("C:\Program Files\MiKTeX 2.9\tex/generic/oberdiek\ltxcmds.sty"
Package: ltxcmds 2016/05/16 v1.23 LaTeX kernel commands for general use (HO)
)
("C:\Program Files\MiKTeX 2.9\tex/generic/iftex\iftex.sty"
Package: iftex 2019/11/07 v1.0c TeX engine tests
)
("C:\Program Files\MiKTeX 2.9\tex/latex/pdftexcmds\pdftexcmds.sty"
Package: pdftexcmds 2019/11/24 v0.31 Utility functions of pdfTeX for LuaTeX (HO
)

("C:\Program Files\MiKTeX 2.9\tex/generic/oberdiek\infwarerr.sty"
Package: infwarerr 2016/05/16 v1.4 Providing info/warning/error messages (HO)
)
Package pdftexcmds Info: \pdf@primitive is available.
Package pdftexcmds Info: \pdf@ifprimitive is available.
Package pdftexcmds Info: \pdfdraftmode found.
)
("C:\Program Files\MiKTeX 2.9\tex/generic/oberdiek\kvsetkeys.sty"
Package: kvsetkeys 2016/05/16 v1.17 Key value parser (HO)

("C:\Program Files\MiKTeX 2.9\tex/generic/oberdiek\etexcmds.sty"
Package: etexcmds 2016/05/16 v1.6 Avoid name clashes with e-TeX commands (HO)

("C:\Program Files\MiKTeX 2.9\tex/generic/iftex\ifluatex.sty"
Package: ifluatex 2019/10/25 v1.5 ifluatex legacy package. Use iftex instead.
)))
("C:\Program Files\MiKTeX 2.9\tex/generic/oberdiek\kvdefinekeys.sty"
Package: kvdefinekeys 2016/05/16 v1.4 Define keys (HO)
)
("C:\Program Files\MiKTeX 2.9\tex/generic/oberdiek\pdfescape.sty"
Package: pdfescape 2016/05/16 v1.14 Implements pdfTeX's escape features (HO)
)
("C:\Program Files\MiKTeX 2.9\tex/latex/oberdiek\hycolor.sty"
Package: hycolor 2016/05/16 v1.8 Color options for hyperref/bookmark (HO)

("C:\Program Files\MiKTeX 2.9\tex/latex/oberdiek\xcolor-patch.sty"
Package: xcolor-patch 2016/05/16 xcolor patch

("C:\Program Files\MiKTeX 2.9\tex/latex/oberdiek\hopatch.sty"
Package: hopatch 2016/05/16 v1.3 Wrapper for package hooks (HO)
)))
("C:\Program Files\MiKTeX 2.9\tex/latex/oberdiek\letltxmacro.sty"
Package: letltxmacro 2016/05/16 v1.5 Let assignment for LaTeX macros (HO)
)
("C:\Program Files\MiKTeX 2.9\tex/latex/oberdiek\auxhook.sty"
Package: auxhook 2016/05/16 v1.4 Hooks for auxiliary files (HO)
)
("C:\Program Files\MiKTeX 2.9\tex/latex/oberdiek\kvoptions.sty"
Package: kvoptions 2016/05/16 v3.12 Key value format for package options (HO)
)
\@linkdim=\dimen175
\Hy@linkcounter=\count158
\Hy@pagecounter=\count159

("C:\Program Files\MiKTeX 2.9\tex/latex/hyperref\pd1enc.def"
File: pd1enc.def 2019/11/10 v7.00c Hyperref: PDFDocEncoding definition (HO)
Now handling font encoding PD1 ...
... no UTF-8 mapping file for font encoding PD1
)
("C:\Program Files\MiKTeX 2.9\tex/generic/oberdiek\intcalc.sty"
Package: intcalc 2016/05/16 v1.2 Expandable calculations with integers (HO)
)
\Hy@SavedSpaceFactor=\count160

("C:\Program Files\MiKTeX 2.9\tex/latex/00miktex\hyperref.cfg"
File: hyperref.cfg 2002/06/06 v1.2 hyperref configuration of TeXLive
)
Package hyperref Info: Hyper figures OFF on input line 4535.
Package hyperref Info: Link nesting OFF on input line 4540.
Package hyperref Info: Hyper index ON on input line 4543.
Package hyperref Info: Plain pages OFF on input line 4550.
Package hyperref Info: Backreferencing OFF on input line 4555.
Package hyperref Info: Implicit mode ON; LaTeX internals redefined.
Package hyperref Info: Bookmarks ON on input line 4788.
\c@Hy@tempcnt=\count161
LaTeX Info: Redefining \url on input line 5147.
\XeTeXLinkMargin=\dimen176

("C:\Program Files\MiKTeX 2.9\tex/generic/oberdiek\bitset.sty"
Package: bitset 2016/05/16 v1.2 Handle bit-vector datatype (HO)

("C:\Program Files\MiKTeX 2.9\tex/generic/oberdiek\bigintcalc.sty"
Package: bigintcalc 2016/05/16 v1.4 Expandable calculations on big integers (HO
)
))
\Fld@menulength=\count162
\Field@Width=\dimen177
\Fld@charsize=\dimen178
Package hyperref Info: Hyper figures OFF on input line 6418.
Package hyperref Info: Link nesting OFF on input line 6423.
Package hyperref Info: Hyper index ON on input line 6426.
Package hyperref Info: backreferencing OFF on input line 6433.
Package hyperref Info: Link coloring OFF on input line 6438.
Package hyperref Info: Link coloring with OCG OFF on input line 6443.
Package hyperref Info: PDF/A mode OFF on input line 6448.
LaTeX Info: Redefining \ref on input line 6488.
LaTeX Info: Redefining \pageref on input line 6492.

("C:\Program Files\MiKTeX 2.9\tex/generic/oberdiek\atbegshi.sty"
Package: atbegshi 2016/06/09 v1.18 At begin shipout hook (HO)

("C:\Program Files\MiKTeX 2.9\tex/generic/iftex\ifpdf.sty"
Package: ifpdf 2019/10/25 v3.4 ifpdf legacy package. Use iftex instead.
))
\Hy@abspage=\count163
\c@Item=\count164
\c@Hfootnote=\count165
)
Package hyperref Info: Driver (autodetected): hpdftex.

("C:\Program Files\MiKTeX 2.9\tex/latex/hyperref\hpdftex.def"
File: hpdftex.def 2019/11/10 v7.00c Hyperref driver for pdfTeX

("C:\Program Files\MiKTeX 2.9\tex/latex/oberdiek\atveryend.sty"
Package: atveryend 2016/05/16 v1.9 Hooks at the very end of document (HO)
Package atveryend Info: \enddocument detected (standard20110627).
)
\Fld@listcount=\count166
\c@bookmark@seq@number=\count167

("C:\Program Files\MiKTeX 2.9\tex/latex/oberdiek\rerunfilecheck.sty"
Package: rerunfilecheck 2016/05/16 v1.8 Rerun checks for auxiliary files (HO)

("C:\Program Files\MiKTeX 2.9\tex/generic/oberdiek\uniquecounter.sty"
Package: uniquecounter 2016/05/16 v1.3 Provide unlimited unique counter (HO)
)
Package uniquecounter Info: New unique counter `rerunfilecheck' on input line 2
85.
)
\Hy@SectionHShift=\skip64
)
("C:\Users\Ella Eisemann\AppData\Roaming\MiKTeX\2.9\tex/latex/caption\subcaptio
n.sty"
Package: subcaption 2020/01/22 v1.3d Sub-captions (AR)

("C:\Users\Ella Eisemann\AppData\Roaming\MiKTeX\2.9\tex/latex/caption\caption.s
ty"
Package: caption 2020/01/03 v3.4h Customizing captions (AR)

("C:\Users\Ella Eisemann\AppData\Roaming\MiKTeX\2.9\tex/latex/caption\caption3.
sty"
Package: caption3 2020/01/03 v1.8h caption3 kernel (AR)
Package caption3 Info: TeX engine: e-TeX on input line 61.
\captionmargin=\dimen179
\captionmargin@=\dimen180
\captionwidth=\dimen181
\caption@tempdima=\dimen182
\caption@indent=\dimen183
\caption@parindent=\dimen184
\caption@hangindent=\dimen185
Package caption Info: Standard document class detected.
)
\c@caption@flags=\count168
\c@continuedfloat=\count169
Package caption Info: hyperref package is loaded.
)
\c@subfigure=\count170
\c@subtable=\count171
)
("C:\Users\Ella Eisemann\AppData\Roaming\MiKTeX\2.9\tex/latex/apacite\apacite.s
ty"
Package: apacite 2013/07/21 v6.03 APA citation
\c@BibCnt=\count172
\bibleftmargin=\skip65
\bibindent=\skip66
\bibparsep=\skip67
\bibitemsep=\skip68
\biblabelsep=\skip69
)
("C:\Users\Ella Eisemann\AppData\Roaming\MiKTeX\2.9\tex/latex/placeins\placeins
.sty"
Package: placeins 2005/04/18  v 2.2
) (dialogue-rsa.aux)
\openout1 = `dialogue-rsa.aux'.

LaTeX Font Info:    Checking defaults for OML/cmm/m/it on input line 43.
LaTeX Font Info:    ... okay on input line 43.
LaTeX Font Info:    Checking defaults for T1/cmr/m/n on input line 43.
LaTeX Font Info:    ... okay on input line 43.
LaTeX Font Info:    Checking defaults for OT1/cmr/m/n on input line 43.
LaTeX Font Info:    ... okay on input line 43.
LaTeX Font Info:    Checking defaults for OMS/pzccm/m/n on input line 43.
LaTeX Font Info:    Trying to load font information for OMS+pzccm on input line
 43.

("C:\Users\Ella Eisemann\AppData\Roaming\MiKTeX\2.9\tex/latex/psnfss\omspzccm.f
d"
File: omspzccm.fd 2000/01/03 Fontinst v1.801 font definitions for OMS/pzccm.
)
LaTeX Font Info:    ... okay on input line 43.
LaTeX Font Info:    Checking defaults for OMX/cmex/m/n on input line 43.
LaTeX Font Info:    ... okay on input line 43.
LaTeX Font Info:    Checking defaults for U/cmr/m/n on input line 43.
LaTeX Font Info:    ... okay on input line 43.
LaTeX Font Info:    Checking defaults for PD1/pdf/m/n on input line 43.
LaTeX Font Info:    ... okay on input line 43.
 ABD: EveryShipout initializing macros
("C:\Program Files\MiKTeX 2.9\tex/context/base/mkii\supp-pdf.mkii"
[Loading MPS to PDF converter (version 2006.09.02).]
\scratchcounter=\count173
\scratchdimen=\dimen186
\scratchbox=\box74
\nofMPsegments=\count174
\nofMParguments=\count175
\everyMPshowfont=\toks33
\MPscratchCnt=\count176
\MPscratchDim=\dimen187
\MPnumerator=\count177
\makeMPintoPDFobject=\count178
\everyMPtoPDFconversion=\toks34
) ("C:\Program Files\MiKTeX 2.9\tex/latex/epstopdf-pkg\epstopdf-base.sty"
Package: epstopdf-base 2019/11/24 v2.7 Base part for package epstopdf

("C:\Program Files\MiKTeX 2.9\tex/latex/oberdiek\grfext.sty"
Package: grfext 2016/05/16 v1.2 Manage graphics extensions (HO)
)
Package epstopdf-base Info: Redefining graphics rule for `.eps' on input line 4
42.
Package grfext Info: Graphics extension search list:
(grfext)             [.pdf,.png,.jpg,.mps,.jpeg,.jbig2,.jb2,.PDF,.PNG,.JPG,.JPE
G,.JBIG2,.JB2,.eps]
(grfext)             \AppendGraphicsExtensions on input line 460.
)
\AtBeginShipoutBox=\box75
Package hyperref Info: Link coloring OFF on input line 43.

("C:\Program Files\MiKTeX 2.9\tex/latex/hyperref\nameref.sty"
Package: nameref 2019/09/16 v2.46 Cross-referencing by name of section

("C:\Program Files\MiKTeX 2.9\tex/latex/oberdiek\refcount.sty"
Package: refcount 2016/05/16 v3.5 Data extraction from label references (HO)
)
("C:\Program Files\MiKTeX 2.9\tex/generic/oberdiek\gettitlestring.sty"
Package: gettitlestring 2016/05/16 v1.5 Cleanup title references (HO)
)
\c@section@level=\count179
)
LaTeX Info: Redefining \ref on input line 43.
LaTeX Info: Redefining \pageref on input line 43.
LaTeX Info: Redefining \nameref on input line 43.

(dialogue-rsa.out) (dialogue-rsa.out)
\@outlinefile=\write4
\openout4 = `dialogue-rsa.out'.

Package caption Info: Begin \AtBeginDocument code.
Package caption Info: End \AtBeginDocument code.
\c@maskedRefs=\count180

("C:\Users\Ella Eisemann\AppData\Roaming\MiKTeX\2.9\tex/latex/apacite\english.a
pc"
File: english.apc 2013/07/21 v6.03 apacite language file
LaTeX Info: Redefining \BPBI on input line 129.
LaTeX Info: Redefining \BHBI on input line 130.
)
LaTeX Font Info:    Font shape `OT1/ptm/bx/n' in size <14.4> not available
(Font)              Font shape `OT1/ptm/b/n' tried instead on input line 46.
LaTeX Font Info:    Trying to load font information for OT1+ptmcm on input line
 46.

("C:\Users\Ella Eisemann\AppData\Roaming\MiKTeX\2.9\tex/latex/psnfss\ot1ptmcm.f
d"
File: ot1ptmcm.fd 2000/01/03 Fontinst v1.801 font definitions for OT1/ptmcm.
)
LaTeX Font Info:    Trying to load font information for OML+ptmcm on input line
 46.

("C:\Users\Ella Eisemann\AppData\Roaming\MiKTeX\2.9\tex/latex/psnfss\omlptmcm.f
d"
File: omlptmcm.fd 2000/01/03 Fontinst v1.801 font definitions for OML/ptmcm.
)
LaTeX Font Info:    Trying to load font information for OMX+psycm on input line
 46.

("C:\Users\Ella Eisemann\AppData\Roaming\MiKTeX\2.9\tex/latex/psnfss\omxpsycm.f
d"
File: omxpsycm.fd 2000/01/03 Fontinst v1.801 font definitions for OMX/psycm.
)
LaTeX Font Info:    Font shape `OT1/ptm/bx/n' in size <10> not available
(Font)              Font shape `OT1/ptm/b/n' tried instead on input line 46.
LaTeX Font Info:    Font shape `OT1/ptm/bx/n' in size <7.4> not available
(Font)              Font shape `OT1/ptm/b/n' tried instead on input line 46.
LaTeX Font Info:    Font shape `OT1/ptm/bx/n' in size <6> not available
(Font)              Font shape `OT1/ptm/b/n' tried instead on input line 46.


LaTeX Warning: No \author given.

LaTeX Font Info:    Font shape `OT1/ptm/bx/n' in size <9> not available
(Font)              Font shape `OT1/ptm/b/n' tried instead on input line 59.
LaTeX Font Info:    Font shape `OT1/ptm/bx/n' in size <12> not available
(Font)              Font shape `OT1/ptm/b/n' tried instead on input line 64.
[1{C:/Users/Ella Eisemann/AppData/Local/MiKTeX/2.9/pdftex/config/pdftex.map}



]

LaTeX Warning: File `images/rsascene.eps' not found on input line 96.

Package epstopdf Info: Source file: <images/rsascene.eps>
(epstopdf)             Output file: <images/rsascene-eps-converted-to.pdf>
(epstopdf)                    date: 2020-02-03 20:14:00
(epstopdf)                    size: 6152 bytes
(epstopdf)             Command: <epstopdf --outfile=images/rsascene-eps-convert
ed-to.pdf images/rsascene.eps>
(epstopdf)             \includegraphics on input line 96.
Package epstopdf Info: Output file is already uptodate.
<images/rsascene-eps-converted-to.pdf, id=92, 64.24pt x 21.07875pt>
File: images/rsascene-eps-converted-to.pdf Graphic file (type pdf)
<use images/rsascene-eps-converted-to.pdf>
Package pdftex.def Info: images/rsascene-eps-converted-to.pdf  used on input li
ne 96.
(pdftex.def)             Requested size: 121.95563pt x 40.01976pt.

Underfull \hbox (badness 5802) in paragraph at lines 101--101
[]\OT1/ptm/m/n/10 Figure 1: |A sim-ple ref-er-ence game sce-nario from
 []


Underfull \hbox (badness 4316) in paragraph at lines 101--101
[][]\OT1/ptm/m/n/10 Frank and Good-man[] ([]2012[]). In the game, speak-
 []


Underfull \hbox (badness 10000) in paragraph at lines 101--101
\OT1/ptm/m/n/10 ers are con-fronted with a col-lec-tion of ob-jects,
 []


Underfull \hbox (badness 4303) in paragraph at lines 101--101
\OT1/ptm/m/n/10 which de-ter-mine the cur-rent sce-nario $\OML/ptmcm/m/it/10 S$
\OT1/ptm/m/n/10 , where $\OML/ptmcm/m/it/10 S \OT1/ptmcm/m/n/10 =
 []


Underfull \hbox (badness 1400) in paragraph at lines 116--119
\OT1/ptm/m/n/10 The re-cur-sive in-ter-ac-tions be-tween the speaker and the
 []


Underfull \hbox (badness 3803) in paragraph at lines 116--119
\OT1/ptm/m/n/10 lis-tener are mod-eled within the Ra-tio-nal Speech Act
 []

LaTeX Font Info:    Font shape `OT1/ptm/bx/n' in size <7> not available
(Font)              Font shape `OT1/ptm/b/n' tried instead on input line 126.
LaTeX Font Info:    Font shape `OT1/ptm/bx/n' in size <5> not available
(Font)              Font shape `OT1/ptm/b/n' tried instead on input line 126.
LaTeX Font Info:    Font shape `OT1/ptm/bx/n' in size <10.95> not available
(Font)              Font shape `OT1/ptm/b/n' tried instead on input line 155.
[2 <./images/rsascene-eps-converted-to.pdf>]
Overfull \hbox (3.77107pt too wide) detected at line 178
[]\OML/ptmcm/m/it/10 P[]\OT1/ptmcm/m/n/10 (\OML/ptmcm/m/it/10 u\OT1/ptmcm/m/n/1
0 ) \OMS/pzccm/m/n/10 / [] \OML/ptmcm/m/it/10 P[]\OT1/ptmcm/m/n/10 (\OML/ptmcm/
m/it/10 s\OMS/pzccm/m/n/10 j\OML/ptmcm/m/it/10 u; f\OT1/ptmcm/m/n/10 )  [](\OML
/ptmcm/m/it/10  \OMS/pzccm/m/n/10  []\OT1/ptmcm/m/n/10 (\OML/ptmcm/m/it/10 P\
OT1/ptmcm/m/n/10 (\OML/ptmcm/m/it/10 f\OT1/ptmcm/m/n/10 ) \OMS/pzccm/m/n/10 jj 
\OML/ptmcm/m/it/10 P[]\OT1/ptmcm/m/n/10 (\OML/ptmcm/m/it/10 f \OMS/pzccm/m/n/10
 j \OML/ptmcm/m/it/10 u; s\OT1/ptmcm/m/n/10 )))\OML/ptmcm/m/it/10 :
 []

<images/trial.png, id=144, 1397.22pt x 558.085pt>
File: images/trial.png Graphic file (type png)
<use images/trial.png>
Package pdftex.def Info: images/trial.png  used on input line 260.
(pdftex.def)             Requested size: 397.48499pt x 158.76634pt.

Underfull \hbox (badness 2698) in paragraph at lines 267--268
\OT1/ptm/m/n/10 Ama-zon.com's Me-chan-i-cal Turk crowd-sourc-ing ser-vice.
 []

[3]
<images/m4.pdf, id=167, 216.81pt x 216.81pt>
File: images/m4.pdf Graphic file (type pdf)
<use images/m4.pdf>
Package pdftex.def Info: images/m4.pdf  used on input line 301.
(pdftex.def)             Requested size: 195.12975pt x 195.14043pt.
 [4 <./images/trial.png>]
<images/m8.pdf, id=175, 216.81pt x 216.81pt>
File: images/m8.pdf Graphic file (type pdf)
<use images/m8.pdf>
Package pdftex.def Info: images/m8.pdf  used on input line 311.
(pdftex.def)             Requested size: 195.12975pt x 195.14043pt.

Underfull \hbox (badness 1259) in paragraph at lines 362--363
[]\OT1/ptm/m/n/10 We sim-u-late the am-bi-gu-ity res-o-lu-tion pro-cess with a
 []

(dialogue-rsa.bbl [5 <./images/m4.pdf> <./images/m8.pdf>]) [6

]
Package atveryend Info: Empty hook `BeforeClearDocument' on input line 386.
Package atveryend Info: Empty hook `AfterLastShipout' on input line 386.

(dialogue-rsa.aux)
Package atveryend Info: Executing hook `AtVeryEndDocument' on input line 386.
Package atveryend Info: Executing hook `AtEndAfterFileList' on input line 386.
Package rerunfilecheck Info: File `dialogue-rsa.out' has not changed.
(rerunfilecheck)             Checksum: 61C4B64A232E25318F5B3998438805ED;554.
Package atveryend Info: Empty hook `AtVeryVeryEnd' on input line 386.
 ) 
Here is how much of TeX's memory you used:
 18533 strings out of 492484
 346819 string characters out of 3130168
 424667 words of memory out of 3000000
 22426 multiletter control sequences out of 15000+200000
 43979 words of font info for 86 fonts, out of 3000000 for 9000
 1141 hyphenation exceptions out of 8191
 60i,9n,60p,1119b,441s stack positions out of 5000i,500n,10000p,200000b,50000s
{C:/Program Files/MiKTeX 2.9/fonts/enc/dvips/base/8r.enc}<C:/Program Files/Mi
KTeX 2.9/fonts/type1/public/amsfonts/cm/cmex10.pfb><C:/Program Files/MiKTeX 2.9
/fonts/type1/public/amsfonts/cm/cmmi10.pfb><C:/Program Files/MiKTeX 2.9/fonts/t
ype1/public/amsfonts/cm/cmr10.pfb><C:/Program Files/MiKTeX 2.9/fonts/type1/publ
ic/amsfonts/cm/cmsy10.pfb><C:/Users/Ella Eisemann/AppData/Roaming/MiKTeX/2.9/fo
nts/type1/urw/symbol/usyr.pfb><C:/Users/Ella Eisemann/AppData/Roaming/MiKTeX/2.
9/fonts/type1/urw/times/utmb8a.pfb><C:/Users/Ella Eisemann/AppData/Roaming/MiKT
eX/2.9/fonts/type1/urw/times/utmr8a.pfb><C:/Users/Ella Eisemann/AppData/Roaming
/MiKTeX/2.9/fonts/type1/urw/times/utmri8a.pfb>
Output written on dialogue-rsa.pdf (6 pages, 277684 bytes).
PDF statistics:
 240 PDF objects out of 1000 (max. 8388607)
 50 named destinations out of 1000 (max. 500000)
 113 words of extra memory for PDF output out of 10000 (max. 10000000)

