0 0 0 0.02830189 0.9716981 00 0 0 0.7463054 0.2536946 00 0 0 0.02830189 0.9716981 00 0 0 0.7463054 0.2536946 00 0 0 0.02830189 0.9716981 00 0 0 0.02830189 0.9716981 00 0 0 0.02830189 0.9716981 00 0 0 0.02830189 0.9716981 00 0 0 0.02830189 0.9716981 00 0 0 0.02830189 0.9716981 00 0 0 0.7463054 0.2536946 00 0 0 0.7463054 0.2536946 00 0 0 0.02830189 0.9716981 00 0 0 0.02830189 0.9716981 00 0 0 0.7463054 0.2536946 00 0 0 0.02830189 0.9716981 00 0 0 0.02830189 0.9716981 00 0 0 0.7463054 0.2536946 0[[1]]
[1] 0.495145631 0.009708738 0.495145631

[[2]]
[1] 0.009708738 0.980582524 0.009708738

[[3]]
[1] 0.495145631 0.495145631 0.009708738

[[4]]
[1] 0.009708738 0.009708738 0.980582524

[[5]]
[1] 0.3333333 0.3333333 0.3333333

[[6]]
[1] 0.3333333 0.3333333 0.3333333

[1] 0.2475728 0.0000000 0.2475728
[1] 0.495145631 0.009708738 0.495145631
0 0 0 0.0412844 0.9587156 00 0 0 0.7444988 0.2555012 00 0 0 0.0412844 0.9587156 00 0 0 0.7444988 0.2555012 00 0 0 0.0412844 0.9587156 00 0 0 0.0412844 0.9587156 00 0 0 0.0412844 0.9587156 00 0 0 0.0412844 0.9587156 00 0 0 0.0412844 0.9587156 00 0 0 0.0412844 0.9587156 00 0 0 0.7444988 0.2555012 00 0 0 0.7444988 0.2555012 00 0 0 0.0412844 0.9587156 00 0 0 0.0412844 0.9587156 00 0 0 0.7444988 0.2555012 00 0 0 0.0412844 0.9587156 00 0 0 0.0412844 0.9587156 00 0 0 0.7444988 0.2555012 0[1] 0.49282297 0.01435407 0.49282297
[1] 0.49282297 0.01435407 0.49282297
      [,1] [,2]           [,3]               
 [1,] "1"  "cloud"        "0.666666666666667"
 [2,] "2"  "circle"       "0.333333333333333"
 [3,] "3"  "square"       "0"                
 [4,] "4"  "solid"        "0.666666666666667"
 [5,] "5"  "striped"      "0.333333333333333"
 [6,] "6"  "polka-dotted" "0"                
 [7,] "7"  "blue"         "0.666666666666667"
 [8,] "8"  "red"          "0"                
 [9,] "9"  "green"        "0.333333333333333"
     [,1] [,2] [,3]
[1,]    1    4    7
[2,]    2    4    7
[3,]    1    6    7
0 0 0 0.5 0.5 00 0 0 0.5 0.5 00 0 0 0.5 0.5 00 0 0 0.5 0.5 00 0 0 0.5 0.5 00 0 0 0.5 0.5 00 0 0 0.5 0.5 00 0 0 0.5 0.5 00 0 0 0.5 0.5 00 0 0 0.5 0.5 00 0 0 0.5 0.5 00 0 0 0.5 0.5 00 0 0 0.5 0.5 00 0 0 0.5 0.5 00 0 0 0.5 0.5 00 0 0 0.5 0.5 00 0 0 0.5 0.5 00 0 0 0.5 0.5 0     [,1] [,2] [,3]
[1,]    1    4    7
[2,]    2    4    7
[3,]    1    6    7
      [,1] [,2]           [,3]               
 [1,] "1"  "cloud"        "0"                
 [2,] "2"  "circle"       "0.333333333333333"
 [3,] "3"  "square"       "0.666666666666667"
 [4,] "4"  "solid"        "0.333333333333333"
 [5,] "5"  "striped"      "0.666666666666667"
 [6,] "6"  "polka-dotted" "0"                
 [7,] "7"  "blue"         "0.666666666666667"
 [8,] "8"  "red"          "0.333333333333333"
 [9,] "9"  "green"        "0"                
[1] 0.1666667 0.0000000 0.1666667
          [,1]      [,2]      [,3]
[1,] 0.5000000 0.0000000 0.5000000
[2,] 0.0000000 1.0000000 0.0000000
[3,] 0.5000000 0.5000000 0.0000000
[4,] 0.0000000 0.0000000 1.0000000
[5,] 0.3333333 0.3333333 0.3333333
[1] 1 2 4 6 7
[1] "shape"
0 0 0 0.9713259 0.02867415 0 00 0 0 0.9713259 0.02867415 0 00 0 0 0.9713259 0.02867415 0 00 0 0 0.9713259 0.02867415 0 00 0 0 0.02755559 0.9724444 0 00 0 0 0.02755559 0.9724444 0 00 0 0 0.9713259 0.02867415 0 00 0 0 0.9713259 0.02867415 0 00 0 0 0.9713259 0.02867415 0 00 0 0 0.9713259 0.02867415 0 00 0 0 0.02755559 0.9724444 0 00 0 0 0.02755559 0.9724444 0 00 0 0 0.9713259 0.02867415 0 00 0 0 0.9713259 0.02867415 0 00 0 0 0.02755559 0.9724444 0 00 0 0 0.9713259 0.02867415 0 00 0 0 0.9713259 0.02867415 0 00 0 0 0.02755559 0.9724444 0 0[1] "shape"
[1] 1 2 3 4 5 7
          [,1]      [,2]      [,3]
[1,] 1.0000000 0.0000000 0.0000000
[2,] 0.0000000 1.0000000 0.0000000
[3,] 0.0000000 0.0000000 1.0000000
[4,] 0.5000000 0.5000000 0.0000000
[5,] 0.0000000 0.0000000 1.0000000
[6,] 0.3333333 0.3333333 0.3333333
[1] 0.9712919 0.0000000 0.0000000
[1] 0 0 0 0 0 0
[1] 3 5
[1] 0.168
[1] 0.166 0.166 0.168 0.166 0.168 0.167
[1] 0.168
[1] 0.166 0.166 0.168 0.166 0.168 0.167
          [,1]      [,2]      [,3]
[1,] 1.0000000 0.0000000 0.0000000
[2,] 0.0000000 1.0000000 0.0000000
[3,] 0.0000000 0.0000000 1.0000000
[4,] 0.5000000 0.5000000 0.0000000
[5,] 0.0000000 0.0000000 1.0000000
[6,] 0.3333333 0.3333333 0.3333333
          [,1]      [,2]      [,3]
[1,] 1.0000000 0.0000000 0.0000000
[2,] 0.0000000 1.0000000 0.0000000
[3,] 0.0000000 0.0000000 1.0000000
[4,] 0.5000000 0.5000000 0.0000000
[5,] 0.0000000 0.0000000 1.0000000
[6,] 0.3333333 0.3333333 0.3333333
[1] 0.166 0.166 0.168 0.166 0.168 0.167
0 0 0 0.5965251 0.4034749 0 00 0 0 0.5965251 0.4034749 0 00 0 0 0.5965251 0.4034749 0 00 0 0 0.5965251 0.4034749 0 00 0 0 0.0412844 0.9587156 0 00 0 0 0.0412844 0.9587156 0 00 0 0 0.5965251 0.4034749 0 00 0 0 0.5965251 0.4034749 0 00 0 0 0.5965251 0.4034749 0 00 0 0 0.5965251 0.4034749 0 00 0 0 0.0412844 0.9587156 0 00 0 0 0.0412844 0.9587156 0 00 0 0 0.5965251 0.4034749 0 00 0 0 0.5965251 0.4034749 0 00 0 0 0.0412844 0.9587156 0 00 0 0 0.5965251 0.4034749 0 00 0 0 0.5965251 0.4034749 0 00 0 0 0.0412844 0.9587156 0 0          [,1]      [,2]      [,3]
[1,] 1.0000000 0.0000000 0.0000000
[2,] 0.0000000 1.0000000 0.0000000
[3,] 0.0000000 0.0000000 1.0000000
[4,] 0.5000000 0.5000000 0.0000000
[5,] 0.0000000 0.0000000 1.0000000
[6,] 0.3333333 0.3333333 0.3333333
[1] 0.123 0.123 0.243 0.123 0.243 0.144
0 0 0 0 0 1 00 0 0 0 0 1 00 0 0 0 0 1 00 0 0 0 0 1 00 0 0 0 0 1 00 0 0 0 0 1 00 0 0 0 0 1 00 0 0 0 0 1 00 0 0 0 0 1 0[1] 0.167 0.167 0.167 0.167 0.167 0.167
[[1]]
[1] 0.94495413 0.02752294 0.02752294

[[2]]
[1] 0.3333333 0.3333333 0.3333333

[[3]]
[1] 0.01435407 0.01435407 0.97129187

[[4]]
[1] 0.3333333 0.3333333 0.3333333

[[5]]
[1] 0.01435407 0.01435407 0.97129187

[[6]]
[1] 0.3333333 0.3333333 0.3333333

[[7]]
[1] 0.3333333 0.3333333 0.3333333

[1] 0 0 0 0 0 1
      [,1] [,2]           [,3]               
 [1,] "1"  "cloud"        "0.333333333333333"
 [2,] "2"  "circle"       "0"                
 [3,] "3"  "square"       "0.666666666666667"
 [4,] "4"  "solid"        "0"                
 [5,] "5"  "striped"      "0.666666666666667"
 [6,] "6"  "polka-dotted" "0.333333333333333"
 [7,] "7"  "blue"         "0"                
 [8,] "8"  "red"          "0.333333333333333"
 [9,] "9"  "green"        "0.666666666666667"
0 0 0 0 0 1 00 0 0 0 0 1 00 0 0 0 0 1 00 0 0 0 0 1 00 0 0 0 0 1 00 0 0 0 0 1 00 0 0 0 0 1 00 0 0 0 0 1 00 0 0 0 0 1 0      [,1] [,2]           [,3]               
 [1,] "1"  "cloud"        "0"                
 [2,] "2"  "circle"       "0.333333333333333"
 [3,] "3"  "square"       "0.666666666666667"
 [4,] "4"  "solid"        "0"                
 [5,] "5"  "striped"      "0.666666666666667"
 [6,] "6"  "polka-dotted" "0.333333333333333"
 [7,] "7"  "blue"         "0.333333333333333"
 [8,] "8"  "red"          "0.666666666666667"
 [9,] "9"  "green"        "0"                
[[1]]
[1] 0.980582524 0.009708738 0.009708738

[[2]]
[1] 0.009708738 0.980582524 0.009708738

[[3]]
[1] 0.009708738 0.009708738 0.980582524

[[4]]
[1] 0.495145631 0.495145631 0.009708738

[[5]]
[1] 0.009708738 0.009708738 0.980582524

[[6]]
[1] 0.3333333 0.3333333 0.3333333

[[7]]
[1] 0.3333333 0.3333333 0.3333333

0 0 0 0 0 1 00 0 0 0 0 1 00 0 0 0 0 1 00 0 0 0 0 1 00 0 0 0 0 1 00 0 0 0 0 1 00 0 0 0 0 1 00 0 0 0 0 1 00 0 0 0 0 1 0[[1]]
[1] 1 0 0

[[2]]
[1] 0 1 0

[[3]]
[1] 0 0 1

[[4]]
[1] 0.5 0.5 0.0

[[5]]
[1] 0 0 1

[[6]]
[1] 0.3333333 0.3333333 0.3333333

[[7]]
[1] 0.3333333 0.3333333 0.3333333

0 0 0 0 0 1 00 0 0 0 0 1 00 0 0 0 0 1 00 0 0 0 0 1 00 0 0 0 0 1 00 0 0 0 0 1 00 0 0 0 0 1 00 0 0 0 0 1 00 0 0 0 0 1 0[[1]]
[1] 0.980582524 0.009708738 0.009708738

[[2]]
[1] 0.009708738 0.980582524 0.009708738

[[3]]
[1] 0.009708738 0.009708738 0.980582524

[[4]]
[1] 0.495145631 0.495145631 0.009708738

[[5]]
[1] 0.009708738 0.009708738 0.980582524

[[6]]
[1] 0.3333333 0.3333333 0.3333333

[[7]]
[1] 0.3333333 0.3333333 0.3333333

0 0 0 0 0 1 00 0 0 0 0 1 00 0 0 0 0 1 00 0 0 0 0 1 00 0 0 0 0 1 00 0 0 0 0 1 00 0 0 0 0 1 00 0 0 0 0 1 00 0 0 0 0 1 0[[1]]
[1] 0.94495413 0.02752294 0.02752294

[[2]]
[1] 0.01435407 0.97129187 0.01435407

[[3]]
[1] 0.3333333 0.3333333 0.3333333

[[4]]
[1] 0.49282297 0.49282297 0.01435407

[[5]]
[1] 0.3333333 0.3333333 0.3333333

[[6]]
[1] 0.3333333 0.3333333 0.3333333

[[7]]
[1] 0.3333333 0.3333333 0.3333333

          [,1]      [,2]      [,3]
[1,] 1.0000000 0.0000000 0.0000000
[2,] 0.0000000 1.0000000 0.0000000
[3,] 0.0000000 0.0000000 1.0000000
[4,] 0.5000000 0.5000000 0.0000000
[5,] 0.0000000 0.0000000 1.0000000
[6,] 0.3333333 0.3333333 0.3333333
[1]  1  4  6  8 10 12 15 17 18
[1] 1
[1] 1 4 6
0 0 0 0 0 1 00 0 0 0 0 1 00 0 0 0 0 1 00 0 0 0 0 1 00 0 0 0 0 1 00 0 0 0 0 1 00 0 0 0 0 1 00 0 0 0 0 1 00 0 0 0 0 1 00 0 0 0 0 1 00 0 0 0 0 1 00 0 0 0 0 1 00 0 0 0 0 1 00 0 0 0 0 1 00 0 0 0 0 1 00 0 0 0 0 1 00 0 0 0 0 1 00 0 0 0 0 1 0[1] "0"
      [,1] [,2]           [,3]               
 [1,] "1"  "cloud"        "0.333333333333333"
 [2,] "2"  "circle"       "0"                
 [3,] "3"  "square"       "0.666666666666667"
 [4,] "4"  "solid"        "0"                
 [5,] "5"  "striped"      "0.333333333333333"
 [6,] "6"  "polka-dotted" "0.666666666666667"
 [7,] "7"  "blue"         "0"                
 [8,] "8"  "red"          "0.666666666666667"
 [9,] "9"  "green"        "0.333333333333333"
[1] 3
0 0 0 0 0 1 00 0 0 0 0 1 00 0 0 0 0 1 00 0 0 0 0 1 00 0 0 0 0 1 00 0 0 0 0 1 00 0 0 0 0 1 00 0 0 0 0 1 00 0 0 0 0 1 0      [,1] [,2]           [,3]               
 [1,] "1"  "cloud"        "0"                
 [2,] "2"  "circle"       "0.666666666666667"
 [3,] "3"  "square"       "0.333333333333333"
 [4,] "4"  "solid"        "0"                
 [5,] "5"  "striped"      "0.333333333333333"
 [6,] "6"  "polka-dotted" "0.666666666666667"
 [7,] "7"  "blue"         "0.666666666666667"
 [8,] "8"  "red"          "0.333333333333333"
 [9,] "9"  "green"        "0"                
0 0 0 0 0 1 00 0 0 0 0 1 00 0 0 0 0 1 00 0 0 0 0 1 00 0 0 0 0 1 00 0 0 0 0 1 00 0 0 0 0 1 00 0 0 0 0 1 00 0 0 0 0 1 0cloud0 0 0 0 0 1 00 0 0 0 0 1 00 0 0 0 0 1 00 0 0 0 0 1 00 0 0 0 0 1 00 0 0 0 0 1 00 0 0 0 0 1 00 0 0 0 0 1 00 0 0 0 0 1 01cloud      [,1]     [,2]      [,3]   
 [1,] "cloud"  "solid"   "blue" 
 [2,] "circle" "solid"   "blue" 
 [3,] "square" "solid"   "blue" 
 [4,] "cloud"  "striped" "blue" 
 [5,] "circle" "striped" "blue" 
 [6,] "square" "striped" "blue" 
 [7,] "cloud"  "dotted"  "blue" 
 [8,] "circle" "dotted"  "blue" 
 [9,] "square" "dotted"  "blue" 
[10,] "cloud"  "solid"   "red"  
[11,] "circle" "solid"   "red"  
[12,] "square" "solid"   "red"  
[13,] "cloud"  "striped" "red"  
[14,] "circle" "striped" "red"  
[15,] "square" "striped" "red"  
[16,] "cloud"  "dotted"  "red"  
[17,] "circle" "dotted"  "red"  
[18,] "square" "dotted"  "red"  
[19,] "cloud"  "solid"   "green"
[20,] "circle" "solid"   "green"
[21,] "square" "solid"   "green"
[22,] "cloud"  "striped" "green"
[23,] "circle" "striped" "green"
[24,] "square" "striped" "green"
[25,] "cloud"  "dotted"  "green"
[26,] "circle" "dotted"  "green"
[27,] "square" "dotted"  "green"
0 0 0 0 0 1 00 0 0 0 0 1 00 0 0 0 0 1 00 0 0 0 0 1 00 0 0 0 0 1 00 0 0 0 0 1 00 0 0 0 0 1 00 0 0 0 0 1 00 0 0 0 0 1 01cloud solid blue     [,1]    [,2]      [,3]    
[1,] "cloud" "circle"  "square"
[2,] "solid" "striped" "dotted"
[3,] "blue"  "red"     "green" 
0 0 0 0 0 1 00 0 0 0 0 1 00 0 0 0 0 1 00 0 0 0 0 1 00 0 0 0 0 1 00 0 0 0 0 1 00 0 0 0 0 1 00 0 0 0 0 1 00 0 0 0 0 1 01cloud solid blue2circle solid blue3square solid blue4cloud striped blue0 0 0 0 0 1 00 0 0 0 0 1 00 0 0 0 0 1 00 0 0 0 0 1 00 0 0 0 0 1 00 0 0 0 0 1 00 0 0 0 0 1 00 0 0 0 0 1 00 0 0 0 0 1 01cloud solid blue0.3333333333333330.66666666666666702circle solid blue0.6666666666666670.66666666666666703square solid blue00.66666666666666704cloud striped blue0.333333333333333function (name, pos = -1L, envir = as.environment(pos), all.names = FALSE, 
    pattern, sorted = TRUE) 
{
    if (!missing(name)) {
        pos <- tryCatch(name, error = function(e) e)
        if (inherits(pos, "error")) {
            name <- substitute(name)
            if (!is.character(name)) 
                name <- deparse(name)
            warning(gettextf("%s converted to character string", 
                sQuote(name)), domain = NA)
            pos <- name
        }
    }
    all.names <- .Internal(ls(envir, all.names, sorted))
    if (!missing(pattern)) {
        if ((ll <- length(grep("[", pattern, fixed = TRUE))) && 
            ll != length(grep("]", pattern, fixed = TRUE))) {
            if (pattern == "[") {
                pattern <- "\\["
                warning("replaced regular expression pattern '[' by  '\\\\['")
            }
            else if (length(grep("[^\\\\]\\[<-", pattern))) {
                pattern <- sub("\\[<-", "\\\\\\[<-", pattern)
                warning("replaced '[<-' by '\\\\[<-' in regular expression pattern")
            }
        }
        grep(pattern, all.names, value = TRUE)
    }
    else all.names
}
<bytecode: 0x00000216e39df598>
<environment: namespace:base>
1cloud solid blue0.3333333333333330.66666666666666702circle solid blue0.6666666666666670.66666666666666706square striped blue00.3333333333333330     [,1]                [,2]               
[1,] "1"                 "0"                
[2,] "0"                 "1"                
[3,] "0"                 "0"                
[4,] "0.5"               "0.5"              
[5,] "0"                 "0"                
[6,] "0.333333333333333" "0.333333333333333"
     [,3]               
[1,] "0"                
[2,] "0"                
[3,] "1"                
[4,] "0"                
[5,] "1"                
[6,] "0.333333333333333"
1cloud solid blue0.3333333333333330.66666666666666702circle solid blue0.6666666666666670.66666666666666706square striped blue00.3333333333333330     [,1]                [,2]                [,3]               
[1,] "1"                 "0"                 "0"                
[2,] "0"                 "1"                 "0"                
[3,] "0"                 "0"                 "1"                
[4,] "0.5"               "0.5"               "0"                
[5,] "0"                 "0"                 "1"                
[6,] "0.333333333333333" "0.333333333333333" "0.333333333333333"
0 0 0 0 0 1 00 0 0 0 0 1 00 0 0 0 0 1 00 0 0 0 0 1 00 0 0 0 0 1 00 0 0 0 0 1 00 0 0 0 0 1 00 0 0 0 0 1 00 0 0 0 0 1 01cloud solid blue0.3333333333333330.3333333333333330.3333333333333332circle solid blue00.3333333333333330.3333333333333336square striped blue0.66666666666666700.333333333333333     [,1]                [,2]                [,3]               
[1,] "1"                 "0"                 "0"                
[2,] "0"                 "1"                 "0"                
[3,] "0"                 "0"                 "1"                
[4,] "0.5"               "0.5"               "0"                
[5,] "0"                 "0"                 "1"                
[6,] "0.333333333333333" "0.333333333333333" "0.333333333333333"
0 0 0 0 0 1 00 0 0 0 0 1 00 0 0 0 0 1 00 0 0 0 0 1 00 0 0 0 0 1 00 0 0 0 0 1 00 0 0 0 0 1 00 0 0 0 0 1 00 0 0 0 0 1 000.3333333333333330.6666666666666670.6666666666666670.3333333333333330.6666666666666670.3333333333333330.6666666666666670.666666666666667     [,1]                [,2]               
[1,] "1"                 "0"                
[2,] "0"                 "1"                
[3,] "0"                 "0"                
[4,] "0.5"               "0.5"              
[5,] "0"                 "0"                
[6,] "0.333333333333333" "0.333333333333333"
     [,3]               
[1,] "0"                
[2,] "0"                
[3,] "1"                
[4,] "0"                
[5,] "1"                
[6,] "0.333333333333333"
0 0 0 0 0 1 00 0 0 0 0 1 00 0 0 0 0 1 00 0 0 0 0 1 00 0 0 0 0 1 00 0 0 0 0 1 00 0 0 0 0 1 00 0 0 0 0 1 00 0 0 0 0 1 0     [,1]                [,2]                [,3]               
[1,] "1"                 "0"                 "0"                
[2,] "0"                 "1"                 "0"                
[3,] "0"                 "0"                 "1"                
[4,] "0.5"               "0.5"               "0"                
[5,] "0"                 "0"                 "1"                
[6,] "0.333333333333333" "0.333333333333333" "0.333333333333333"
0 0 0 0 0 1 00 0 0 0 0 1 00 0 0 0 0 1 00 0 0 0 0 1 00 0 0 0 0 1 00 0 0 0 0 1 00 0 0 0 0 1 00 0 0 0 0 1 00 0 0 0 0 1 0cloudsolidblueNANANANANANAcirclesolidblueNANANANANANAsquarestripedblueNANANANANANA     [,1]                [,2]                [,3]               
[1,] "1"                 "0"                 "0"                
[2,] "0"                 "1"                 "0"                
[3,] "0"                 "0"                 "1"                
[4,] "0.5"               "0.5"               "0"                
[5,] "0"                 "0"                 "1"                
[6,] "0.333333333333333" "0.333333333333333" "0.333333333333333"
0 0 0 0 0 1 00 0 0 0 0 1 00 0 0 0 0 1 00 0 0 0 0 1 00 0 0 0 0 1 00 0 0 0 0 1 00 0 0 0 0 1 00 0 0 0 0 1 00 0 0 0 0 1 0cloudcloud solid bluesolidcloud solid bluebluecloud solid blueNAcloud solid blueNAcloud solid blueNAcloud solid blueNAcloud solid blueNAcloud solid blueNAcloud solid bluecirclecircle solid bluesolidcircle solid bluebluecircle solid blueNAcircle solid blueNAcircle solid blueNAcircle solid blueNAcircle solid blueNAcircle solid blueNAcircle solid bluesquaresquare striped bluestripedsquare striped bluebluesquare striped blueNAsquare striped blueNAsquare striped blueNAsquare striped blueNAsquare striped blueNAsquare striped blueNAsquare striped blue     [,1]                [,2]                [,3]               
[1,] "1"                 "0"                 "0"                
[2,] "0"                 "1"                 "0"                
[3,] "0"                 "0"                 "1"                
[4,] "0.5"               "0.5"               "0"                
[5,] "0"                 "0"                 "1"                
[6,] "0.333333333333333" "0.333333333333333" "0.333333333333333"
0 0 0 0 0 1 00 0 0 0 0 1 00 0 0 0 0 1 00 0 0 0 0 1 00 0 0 0 0 1 00 0 0 0 0 1 00 0 0 0 0 1 00 0 0 0 0 1 00 0 0 0 0 1 0cloudsolidblueNANANANANANAcirclesolidblueNANANANANANAsquarestripedblueNANANANANANA     [,1]                [,2]                [,3]               
[1,] "1"                 "0"                 "0"                
[2,] "0"                 "1"                 "0"                
[3,] "0"                 "0"                 "1"                
[4,] "0.5"               "0.5"               "0"                
[5,] "0"                 "0"                 "1"                
[6,] "0.333333333333333" "0.333333333333333" "0.333333333333333"
0 0 0 0 0 1 00 0 0 0 0 1 00 0 0 0 0 1 00 0 0 0 0 1 00 0 0 0 0 1 00 0 0 0 0 1 00 0 0 0 0 1 00 0 0 0 0 1 00 0 0 0 0 1 0cloudsolidblueNANANANANANAcirclesolidblueNANANANANANAsquarestripedblueNANANANANANA     [,1]                [,2]                [,3]               
[1,] "1"                 "0"                 "0"                
[2,] "0"                 "1"                 "0"                
[3,] "0"                 "0"                 "1"                
[4,] "0.5"               "0.5"               "0"                
[5,] "0"                 "0"                 "1"                
[6,] "0.333333333333333" "0.333333333333333" "0.333333333333333"
cloudsolidblueNANANANANANAcirclesolidblueNANANANANANAsquarestripedblueNANANANANANA     [,1]                [,2]                [,3]               
[1,] "1"                 "0"                 "0"                
[2,] "0"                 "1"                 "0"                
[3,] "0"                 "0"                 "1"                
[4,] "0.5"               "0.5"               "0"                
[5,] "0"                 "0"                 "1"                
[6,] "0.333333333333333" "0.333333333333333" "0.333333333333333"
cloudcirclesquare     [,1]                [,2]                [,3]               
[1,] "1"                 "0"                 "0"                
[2,] "0"                 "1"                 "0"                
[3,] "0"                 "0"                 "1"                
[4,] "0.5"               "0.5"               "0"                
[5,] "0"                 "0"                 "1"                
[6,] "0.333333333333333" "0.333333333333333" "0.333333333333333"
cloud     [,1]                [,2]                [,3]               
[1,] "1"                 "0"                 "0"                
[2,] "0"                 "1"                 "0"                
[3,] "0"                 "0"                 "1"                
[4,] "0.5"               "0.5"               "0"                
[5,] "0"                 "0"                 "1"                
[6,] "0.333333333333333" "0.333333333333333" "0.333333333333333"
          [,1]      [,2]      [,3]
[1,] 1.0000000 0.0000000 0.0000000
[2,] 0.0000000 1.0000000 0.0000000
[3,] 0.0000000 0.0000000 1.0000000
[4,] 0.5000000 0.5000000 0.0000000
[5,] 0.0000000 0.0000000 1.0000000
[6,] 0.3333333 0.3333333 0.3333333
          [,1]      [,2]      [,3]
[1,] 3.0000000 3.0000000 3.0000000
[2,] 0.0000000 1.0000000 0.0000000
[3,] 0.0000000 0.0000000 1.0000000
[4,] 0.5000000 0.5000000 0.0000000
[5,] 0.0000000 0.0000000 1.0000000
[6,] 0.3333333 0.3333333 0.3333333
[1] 1 2 3 4 5 7
      [,1] [,2]           [,3]               
 [1,] "1"  "cloud"        "0.333333333333333"
 [2,] "2"  "circle"       "0"                
 [3,] "3"  "square"       "0.666666666666667"
 [4,] "4"  "solid"        "0.666666666666667"
 [5,] "5"  "striped"      "0"                
 [6,] "6"  "polka-dotted" "0.333333333333333"
 [7,] "7"  "blue"         "0.666666666666667"
 [8,] "8"  "red"          "0"                
 [9,] "9"  "green"        "0.333333333333333"
[1] 1 2 3 4 5 7
[1] 1 2 3
[1] 5 2 3
[1] 1
[1] 1 2 3 4 5 7
[1] 6 8 9
1 2 3 4 5 7 8 cloud square solid striped polka-dotted blue red green 0 0.333333333333333 0.666666666666667 0.666666666666667 0 0.333333333333333 0 0.333333333333333 0.666666666666667 [1] "1"                 "2"                 "3"                
 [4] "4"                 "5"                 "7"                
 [7] "8"                 "cloud"             "square"           
[10] "solid"             "striped"           "polka-dotted"     
[13] "blue"              "red"               "green"            
[16] "0"                 "0.333333333333333" "0.666666666666667"
[19] "0.666666666666667" "0"                 "0.333333333333333"
[22] "0"                 "0.333333333333333" "0.666666666666667"
1 2 3 4 5 7 8 cloud square solid striped polka-dotted blue red green 0 0.333333333333333 0.666666666666667 0.666666666666667 0 0.333333333333333 0 0.333333333333333 0.666666666666667 [1] "1"                 "2"                 "3"                 "4"                
 [5] "5"                 "7"                 "8"                 "cloud"            
 [9] "square"            "solid"             "striped"           "polka-dotted"     
[13] "blue"              "red"               "green"             "0"                
[17] "0.333333333333333" "0.666666666666667" "0.666666666666667" "0"                
[21] "0.333333333333333" "0"                 "0.333333333333333" "0.666666666666667"
1 2 3 4 5 6 7 8 9 cloud circle square solid striped polka-dotted blue red green 0 0.333333333333333 0.666666666666667 0.666666666666667 0.333333333333333 0 0 0.333333333333333 0.6666666666666676891 2 3 4 5 7 8 cloud square solid striped polka-dotted blue red green 0 0.333333333333333 0.666666666666667 0.666666666666667 0.333333333333333 0 0 0.333333333333333 0.666666666666667 [1] "1"                 "2"                 "3"                 "4"                
 [5] "5"                 "7"                 "8"                 "cloud"            
 [9] "square"            "solid"             "striped"           "polka-dotted"     
[13] "blue"              "red"               "green"             "0"                
[17] "0.333333333333333" "0.666666666666667" "0.666666666666667" "0.333333333333333"
[21] "0"                 "0"                 "0.333333333333333" "0.666666666666667"
1 2 3 4 5 6 7 8 9 cloud circle square solid striped polka-dotted blue red green 0.333333333333333 0.666666666666667 0 0.333333333333333 0 0.666666666666667 0.666666666666667 0 0.3333333333333336891 2 3 4 5 7 8 cloud circle square solid striped blue red 0.333333333333333 0.666666666666667 0 0.333333333333333 0 0.666666666666667 0     [,1] [,2]      [,3]               
[1,] "1"  "cloud"   "0.333333333333333"
[2,] "2"  "circle"  "0.666666666666667"
[3,] "3"  "square"  "0"                
[4,] "4"  "solid"   "0.333333333333333"
[5,] "5"  "striped" "0"                
[6,] "7"  "blue"    "0.666666666666667"
[7,] "8"  "red"     "0"                
689     [,1] [,2]      [,3]               
[1,] "1"  "cloud"   "0.666666666666667"
[2,] "2"  "circle"  "0"                
[3,] "3"  "square"  "0.333333333333333"
[4,] "4"  "solid"   "0.666666666666667"
[5,] "5"  "striped" "0"                
[6,] "7"  "blue"    "0.666666666666667"
[7,] "8"  "red"     "0.333333333333333"
235679     [,1] [,2]           [,3]               
[1,] "1"  "cloud"        "0.666666666666667"
[2,] "3"  "square"       "0.333333333333333"
[3,] "5"  "striped"      "0"                
[4,] "6"  "polka-dotted" "0.333333333333333"
[5,] "8"  "red"          "0.333333333333333"
235679     [,1] [,2]    [,3]               
[1,] "1"  "cloud" "0.333333333333333"
[2,] "4"  "solid" "0.333333333333333"
[3,] "8"  "red"   "0.666666666666667"
689     [,1] [,2]      [,3]               
[1,] "1"  "cloud"   "0.333333333333333"
[2,] "2"  "circle"  "0"                
[3,] "3"  "square"  "0.666666666666667"
[4,] "4"  "solid"   "0.333333333333333"
[5,] "5"  "striped" "0"                
[6,] "7"  "blue"    "0"                
689[1] "0.333333333333333"
[1] 7
689     [,1] [,2]      [,3]               
[1,] "1"  "cloud"   "0"                
[2,] "2"  "circle"  "0.666666666666667"
[3,] "3"  "square"  "0.333333333333333"
[4,] "4"  "solid"   "0.333333333333333"
[5,] "5"  "striped" "0.666666666666667"
[6,] "7"  "blue"    "0.333333333333333"
[[1]]
[1] 0.3333333 0.3333333 0.3333333

[[2]]
[1] 0.01435407 0.97129187 0.01435407

[[3]]
[1] 0.02752294 0.02752294 0.94495413

[[4]]
[1] 0.48623853 0.48623853 0.02752294

[[5]]
[1] 0.01435407 0.01435407 0.97129187

[[6]]
[1] 0.3333333 0.3333333 0.3333333

[[7]]
[1] 0.3333333 0.3333333 0.3333333

