\BOOKMARK [1][-]{section.1}{Introduction}{}% 1
\BOOKMARK [1][-]{section.2}{Ambiguity in natural language}{}% 2
\BOOKMARK [2][-]{subsection.2.1}{Theoretical approaches}{section.2}% 3
\BOOKMARK [2][-]{subsection.2.2}{Computational modeling}{section.2}% 4
\BOOKMARK [2][-]{subsection.2.3}{Original RSA Formalization}{section.2}% 5
\BOOKMARK [1][-]{section.3}{Pragmatic social inference RSA model}{}% 6
\BOOKMARK [1][-]{section.4}{Experiment 1: Inferring preferences}{}% 7
\BOOKMARK [2][-]{subsection.4.1}{Participants}{section.4}% 8
\BOOKMARK [2][-]{subsection.4.2}{Design and methods}{section.4}% 9
\BOOKMARK [2][-]{subsection.4.3}{Free parameters and optimization procedure}{section.4}% 10
\BOOKMARK [2][-]{subsection.4.4}{Results}{section.4}% 11
\BOOKMARK [3][-]{subsubsection.4.4.1}{Models with global optimization}{subsection.4.4}% 12
\BOOKMARK [3][-]{subsubsection.4.4.2}{Individually-fitted models}{subsection.4.4}% 13
\BOOKMARK [1][-]{section.5}{Experiment 2: Choosing utterances to learn \040about others}{}% 14
\BOOKMARK [2][-]{subsection.5.1}{Participants}{section.5}% 15
\BOOKMARK [2][-]{subsection.5.2}{Design and methods}{section.5}% 16
\BOOKMARK [2][-]{subsection.5.3}{Results}{section.5}% 17
\BOOKMARK [1][-]{section.6}{Discussion}{}% 18
\BOOKMARK [1][-]{section*.11}{References}{}% 19
\BOOKMARK [1][-]{appendix.A}{Ambiguity classes}{}% 20
